======================================= short test summary info =======================================
FAILED tests/core/attention/test_geometric.py::test_exp_log_inverse - assert False
FAILED tests/core/test_symplectic.py::test_wave_operator_functionality - assert torch.Size([]) == torch.Size([4])
FAILED tests/core/test_symplectic.py::test_dimension_handling_with_wave - RuntimeError: Failed to transform tensor dimensions: expected m1 and m2 to have the same dtype, bu...
FAILED tests/core/test_symplectic.py::test_dimension_transition_consistency - RuntimeError: Failed to transform tensor dimensions: expected m1 and m2 to have the same dtype, bu...
FAILED tests/core/test_symplectic.py::test_wave_symplectic_interaction - ValueError: Tensor must have at least 1 dimension, got 0
FAILED tests/core/test_symplectic.py::test_morphism_creation - RuntimeError: expected m1 and m2 to have the same dtype, but got: c10::complex<float> != float
FAILED tests/core/tiling/test_strategies.py::test_performance_benchmarking - RuntimeError: element 0 of tensors does not require grad and does not have a grad_fn
FAILED tests/core/tiling/test_strategies.py::test_state_management - assert 32 < 32
FAILED tests/core/tiling/test_strategies.py::test_error_handling - ValueError: not enough values to unpack (expected 3, got 2)
FAILED tests/core/tiling/test_strategies.py::test_resolution_impact - assert 1536.0 < 1e-05
FAILED tests/metrics/test_metrics_integration.py::TestMetricsIntegration::test_metrics_initialization - AssertionError: assert 'quantum_entropy' in {'ae': 1.0, 'cer': 1.0, 'density': 1.0, 'flow': 0.0, ...}
FAILED tests/metrics/test_metrics_integration.py::TestMetricsIntegration::test_metrics_after_processing - RuntimeError: The size of tensor a (16) must match the size of tensor b (32) at non-singleton dime...
FAILED tests/metrics/test_metrics_integration.py::TestMetricsIntegration::test_metrics_history - RuntimeError: The size of tensor a (16) must match the size of tensor b (32) at non-singleton dime...
FAILED tests/metrics/test_metrics_integration.py::TestMetricsIntegration::test_metrics_with_resolution_change - RuntimeError: The size of tensor a (16) must match the size of tensor b (32) at non-singleton dime...
FAILED tests/metrics/test_metrics_integration.py::TestMetricsIntegration::test_metrics_with_neighbors - RuntimeError: The size of tensor a (16) must match the size of tensor b (32) at non-singleton dime...
FAILED tests/metrics/test_metrics_integration.py::TestMetricsIntegration::test_metrics_during_adaptation - RuntimeError: The size of tensor a (16) must match the size of tensor b (32) at non-singleton dime...
FAILED tests/metrics/test_metrics_integration.py::TestMetricsIntegration::test_load_balancing_metrics - RuntimeError: The size of tensor a (16) must match the size of tensor b (32) at non-singleton dime...
FAILED tests/metrics/test_metrics_integration.py::TestMetricsIntegration::test_stress_conditions - RuntimeError: The size of tensor a (2) must match the size of tensor b (32) at non-singleton dimen...
FAILED tests/performance/benchmarks/test_core.py::TestCoreOperations::test_attention_computation - NotImplementedError: Module [AttentionCompute] is missing the required "forward" function
FAILED tests/performance/benchmarks/test_core.py::TestCoreOperations::test_pattern_formation - RuntimeError: expected m1 and m2 to have the same dtype, but got: c10::complex<float> != float
FAILED tests/performance/benchmarks/test_core.py::TestCoreOperations::test_flow_evolution - RuntimeError: Failed to compute symplectic form: Failed to transform tensor dimensions: expected m...
FAILED tests/performance/benchmarks/test_core.py::TestCoreOperations::test_memory_patterns - TypeError: OperationMetrics.__init__() missing 1 required positional argument: 'avg_time'
FAILED tests/performance/benchmarks/test_core.py::TestCoreOperations::test_scaling_characteristics - NotImplementedError: Module [AttentionCompute] is missing the required "forward" function
FAILED tests/performance/cpu/test_algorithms.py::test_fast_path_optimization[0.1-matrix_size0] - ValueError: Operation sparse_matmul not registered
FAILED tests/performance/cpu/test_algorithms.py::test_fast_path_optimization[0.1-matrix_size1] - ValueError: Operation sparse_matmul not registered
FAILED tests/performance/cpu/test_algorithms.py::test_fast_path_optimization[0.5-matrix_size0] - ValueError: Operation sparse_matmul not registered
FAILED tests/performance/cpu/test_algorithms.py::test_fast_path_optimization[0.5-matrix_size1] - ValueError: Operation sparse_matmul not registered
FAILED tests/performance/cpu/test_algorithms.py::test_fast_path_optimization[0.9-matrix_size0] - ValueError: Operation sparse_matmul not registered
FAILED tests/performance/cpu/test_algorithms.py::test_fast_path_optimization[0.9-matrix_size1] - ValueError: Operation sparse_matmul not registered
FAILED tests/performance/cpu/test_algorithms.py::test_branch_prediction[matrix_size1-1] - RuntimeError: [enforce fail at alloc_cpu.cpp:118] err == 0. DefaultCPUAllocator: can't allocate me...
FAILED tests/performance/cpu/test_algorithms.py::test_branch_prediction[matrix_size1-16] - RuntimeError: [enforce fail at alloc_cpu.cpp:118] err == 0. DefaultCPUAllocator: can't allocate me...
FAILED tests/performance/cpu/test_algorithms.py::test_loop_optimization[O2] - AssertionError: assert 'O2' == 'loop_fusion'
FAILED tests/performance/cpu/test_algorithms.py::test_loop_optimization[O3] - RuntimeError: [enforce fail at alloc_cpu.cpp:118] err == 0. DefaultCPUAllocator: can't allocate me...
FAILED tests/performance/cpu/test_algorithms.py::test_numerical_stability[matrix_size1] - RuntimeError: [enforce fail at alloc_cpu.cpp:118] err == 0. DefaultCPUAllocator: can't allocate me...
FAILED tests/performance/cpu/test_algorithms.py::test_optimization_overhead - RuntimeError: [enforce fail at alloc_cpu.cpp:118] err == 0. DefaultCPUAllocator: can't allocate me...
FAILED tests/performance/cpu/test_memory.py::test_memory_pool_efficiency[32-1024] - assert 4096 == 0
FAILED tests/performance/cpu/test_memory.py::test_memory_pool_efficiency[32-4096] - assert 16384 == 0
FAILED tests/performance/cpu/test_memory.py::test_memory_pool_efficiency[128-1024] - assert 4096 == 0
FAILED tests/performance/cpu/test_memory.py::test_memory_pool_efficiency[128-4096] - assert 16384 == 0
FAILED tests/performance/cpu/test_memory.py::test_resource_cleanup - IndexError: list assignment index out of range
FAILED tests/performance/cpu/test_vectorization.py::test_geometric_flow_vectorization[64-128] - Failed: Geometric flow vectorization failed: [enforce fail at alloc_cpu.cpp:118] err == 0. Default...
FAILED tests/test_core/test_crystal/test_refraction.py::test_refraction_system - RuntimeError: mat1 and mat2 shapes cannot be multiplied (1x8 and 12x24)
FAILED tests/test_core/test_crystal/test_refraction.py::test_lattice_detection - RuntimeError: mat1 and mat2 shapes cannot be multiplied (1x8 and 12x24)
FAILED tests/test_core/test_crystal/test_scale.py::TestScaleCohomology::test_scale_connection - TypeError: ScaleCohomology.scale_connection() missing 1 required positional argument: 'target_scale'
FAILED tests/test_core/test_crystal/test_scale.py::TestScaleCohomology::test_renormalization_flow - TypeError: unsupported operand type(s) for +: 'function' and 'Tensor'
FAILED tests/test_core/test_crystal/test_scale.py::TestScaleCohomology::test_fixed_points - TypeError: unsupported operand type(s) for +: 'function' and 'Tensor'
FAILED tests/test_core/test_crystal/test_scale.py::TestScaleCohomology::test_anomaly_polynomial - TypeError: linear(): argument 'input' (position 1) must be Tensor, not function
FAILED tests/test_core/test_crystal/test_scale.py::TestScaleCohomology::test_scale_invariants - RuntimeError: mat1 and mat2 shapes cannot be multiplied (10x10 and 4x4)
FAILED tests/test_core/test_crystal/test_scale.py::TestScaleCohomology::test_callan_symanzik - TypeError: expected Tensor as element 0 in argument 0, but got function
FAILED tests/test_core/test_crystal/test_scale.py::TestScaleCohomology::test_operator_expansion - TypeError: expected Tensor as element 0 in argument 0, but got function
FAILED tests/test_core/test_crystal/test_scale.py::TestScaleCohomology::test_conformal_symmetry - AttributeError: 'ScaleCohomology' object has no attribute 'special_conformal_transform'
FAILED tests/test_core/test_crystal/test_scale.py::TestScaleCohomology::test_holographic_scaling - AttributeError: 'ScaleCohomology' object has no attribute 'holographic_lift'
FAILED tests/test_core/test_crystal/test_scale.py::TestScaleCohomology::test_entanglement_scaling - AttributeError: 'ScaleCohomology' object has no attribute 'entanglement_entropy'
FAILED tests/test_core/test_patterns/test_enriched_attention.py::test_create_wave_packet - assert torch.Size([4, 8]) == torch.Size([4, 8, 16])
FAILED tests/test_core/test_patterns/test_enriched_attention.py::test_get_momentum - RuntimeError: imag is not implemented for tensors with non-complex dtypes.
FAILED tests/test_core/test_patterns/test_enriched_attention.py::test_create_morphism - RuntimeError: expected m1 and m2 to have the same dtype, but got: c10::complex<float> != float
FAILED tests/test_core/test_patterns/test_fiber_bundle.py::TestFiberBundleProtocol::test_bundle_projection[pattern_bundle] - RuntimeError: Failed to compute symplectic form: Failed to transform tensor dimensions: expected m...
FAILED tests/test_core/test_patterns/test_fiber_bundle.py::TestFiberBundleProtocol::test_local_trivialization[pattern_bundle] - RuntimeError: Failed to compute symplectic form: Failed to transform tensor dimensions: expected m...
FAILED tests/test_core/test_patterns/test_fiber_bundle.py::TestFiberBundleProtocol::test_transition_functions[pattern_bundle] - RuntimeError: Failed to compute symplectic form: Failed to transform tensor dimensions: expected m...
FAILED tests/test_core/test_patterns/test_fiber_bundle.py::TestFiberBundleProtocol::test_connection_form[pattern_bundle] - RuntimeError: Failed to compute symplectic form: Failed to transform tensor dimensions: expected m...
FAILED tests/test_core/test_patterns/test_fiber_bundle.py::TestFiberBundleProtocol::test_parallel_transport[pattern_bundle] - RuntimeError: Failed to compute symplectic form: Failed to transform tensor dimensions: expected m...
FAILED tests/test_core/test_patterns/test_fiber_bundle.py::TestFiberBundleProtocol::test_vertical_horizontal_separation[pattern_bundle] - RuntimeError: Failed to compute symplectic form: Failed to transform tensor dimensions: expected m...
FAILED tests/test_core/test_patterns/test_fiber_bundle.py::TestFiberBundleProtocol::test_structure_group_respect[pattern_bundle] - RuntimeError: Failed to compute symplectic form: Failed to transform tensor dimensions: expected m...
FAILED tests/test_core/test_patterns/test_fiber_bundle.py::TestFiberBundleProtocol::test_fiber_metric_preservation[pattern_bundle] - RuntimeError: Failed to compute symplectic form: Failed to transform tensor dimensions: expected m...
FAILED tests/test_core/test_patterns/test_fiber_bundle.py::TestConnectionFormHypothesis::test_vertical_preservation_property - RuntimeError: Failed to compute symplectic form: Failed to transform tensor dimensions: expected m...
FAILED tests/test_core/test_patterns/test_fiber_bundle.py::TestConnectionFormHypothesis::test_horizontal_skew_symmetry_property - RuntimeError: Failed to compute symplectic form: Failed to transform tensor dimensions: expected m...
FAILED tests/test_core/test_patterns/test_fiber_bundle.py::TestConnectionFormHypothesis::test_levi_civita_symmetry_property - RuntimeError: Failed to compute symplectic form: Failed to transform tensor dimensions: expected m...
FAILED tests/test_core/test_patterns/test_fiber_bundle.py::TestConnectionFormHypothesis::test_metric_compatibility_property - RuntimeError: Failed to compute symplectic form: Failed to transform tensor dimensions: expected m...
FAILED tests/test_core/test_patterns/test_fiber_bundle.py::TestConnectionFormValidation::test_connection_form_validation[pattern_bundle] - RuntimeError: Failed to compute symplectic form: Failed to transform tensor dimensions: expected m...
FAILED tests/test_core/test_patterns/test_fiber_types.py::TestFiberTypeManager::test_group_element_validation - RuntimeError: Float did not match ComplexFloat
FAILED tests/test_core/test_patterns/test_motivic_integration.py::TestMotivicIntegrationSystem::test_compute_measure - NotImplementedError: Could not run 'aten::eye.m_out' with arguments from the 'Vulkan' backend. Thi...
FAILED tests/test_core/test_patterns/test_motivic_integration.py::TestMotivicIntegrationSystem::test_compute_integral - NotImplementedError: Could not run 'aten::eye.m_out' with arguments from the 'Vulkan' backend. Thi...
FAILED tests/test_core/test_patterns/test_motivic_integration.py::TestMotivicIntegrationSystem::test_evolve_integral - NotImplementedError: Could not run 'aten::eye.m_out' with arguments from the 'Vulkan' backend. Thi...
FAILED tests/test_core/test_patterns/test_motivic_integration.py::TestMotivicIntegrationSystem::test_stability_metrics - NotImplementedError: Could not run 'aten::eye.m_out' with arguments from the 'Vulkan' backend. Thi...
FAILED tests/test_core/test_patterns/test_motivic_integration.py::TestMotivicIntegrationSystem::test_batch_processing - NotImplementedError: Could not run 'aten::eye.m_out' with arguments from the 'Vulkan' backend. Thi...
FAILED tests/test_core/test_patterns/test_motivic_integration.py::TestMotivicIntegrationSystem::test_quantum_effects - NotImplementedError: Could not run 'aten::eye.m_out' with arguments from the 'Vulkan' backend. Thi...
FAILED tests/test_core/test_patterns/test_motivic_integration.py::TestMotivicIntegrationSystem::test_evolution_stability - NotImplementedError: Could not run 'aten::eye.m_out' with arguments from the 'Vulkan' backend. Thi...
FAILED tests/test_core/test_patterns/test_motivic_integration.py::TestMotivicIntegrationSystem::test_perturbation_sensitivity - NotImplementedError: Could not run 'aten::eye.m_out' with arguments from the 'Vulkan' backend. Thi...
FAILED tests/test_core/test_patterns/test_operadic_structure.py::TestOperadicStructure::test_compose_operations - RuntimeError: linalg.det: A must be batches of square matrices, but they are 2 by 0 matrices
FAILED tests/test_core/test_patterns/test_operadic_structure.py::TestEnrichedStructure::test_pattern_transition - RuntimeError: mat1 and mat2 shapes cannot be multiplied (2x2 and 3x2)
FAILED tests/test_core/test_patterns/test_riemannian.py::test_christoffel_properties - RuntimeError: One of the differentiated Tensors appears to not have been used in the graph. Set al...
FAILED tests/test_core/test_patterns/test_riemannian.py::test_parallel_transport - RuntimeError: One of the differentiated Tensors appears to not have been used in the graph. Set al...
FAILED tests/test_core/test_patterns/test_riemannian.py::test_curvature_identities - RuntimeError: One of the differentiated Tensors appears to not have been used in the graph. Set al...
FAILED tests/test_core/test_patterns/test_riemannian.py::test_geodesic_equation - RuntimeError: One of the differentiated Tensors appears to not have been used in the graph. Set al...
FAILED tests/test_core/test_patterns/test_riemannian.py::test_sectional_curvature - RuntimeError: One of the differentiated Tensors appears to not have been used in the graph. Set al...
FAILED tests/test_core/test_patterns/test_riemannian.py::test_lie_derivative - RuntimeError: element 0 of tensors does not require grad and does not have a grad_fn
FAILED tests/test_core/test_quantum/test_path_integral.py::test_action_functional - RuntimeError: expected m1 and m2 to have the same dtype, but got: float != c10::complex<float>
FAILED tests/test_core/test_quantum/test_path_integral.py::test_path_sampler - RuntimeError: expected m1 and m2 to have the same dtype, but got: float != c10::complex<float>
FAILED tests/test_core/test_quantum/test_path_integral.py::test_propagator - RuntimeError: mat1 and mat2 must have the same dtype, but got ComplexFloat and Float
FAILED tests/test_core/test_quantum/test_path_integral.py::test_stationary_phase - RuntimeError: expected m1 and m2 to have the same dtype, but got: float != c10::complex<float>
FAILED tests/test_core/test_quantum/test_state_space.py::TestStateSpace::test_state_tomography - AssertionError: Tomographic reconstruction should be accurate
FAILED tests/test_core/test_quantum/test_state_space.py::TestStateSpace::test_geometric_phase - RuntimeError: size mismatch, got input (4), mat (4x4), vec (2)
FAILED tests/test_core/test_quantum/test_state_space.py::TestStateSpace::test_state_conversion_fidelity - AttributeError: 'HilbertSpace' object has no attribute 'state_to_neural'
FAILED tests/test_core/test_quantum/test_state_space.py::TestStateSpace::test_batch_conversion_consistency - AttributeError: 'HilbertSpace' object has no attribute 'state_to_neural'
FAILED tests/test_core/test_quantum/test_state_space.py::TestStateSpace::test_conversion_edge_cases - AttributeError: 'HilbertSpace' object has no attribute 'state_to_neural'
FAILED tests/test_core/test_quantum/test_state_space.py::TestStateSpace::test_geometric_phase_consistency - RuntimeError: 1D tensors expected, but got 2D and 2D tensors
FAILED tests/test_infrastructure/test_infrastructure.py::TestInfrastructure::test_vulkan_integration - assert False
FAILED tests/test_infrastructure/test_infrastructure.py::TestInfrastructure::test_resource_allocation - Failed: DID NOT RAISE <class 'src.infrastructure.base.ResourceAllocationError'>
FAILED tests/test_infrastructure/test_infrastructure.py::TestInfrastructure::test_infrastructure_integration - RuntimeError: clamp is not supported for complex types
FAILED tests/test_integration/test_cross_validation.py::TestCrossValidation::test_pattern_quantum_interaction - RuntimeError: The size of tensor a (16) must match the size of tensor b (8) at non-singleton dimen...
FAILED tests/test_integration/test_cross_validation.py::TestCrossValidation::test_geometric_pattern_coupling - RuntimeError: shape '[8, 4]' is invalid for input of size 16
FAILED tests/test_integration/test_cross_validation.py::TestCrossValidation::test_infrastructure_framework - RuntimeError: The size of tensor a (16) must match the size of tensor b (8) at non-singleton dimen...
FAILED tests/test_integration/test_cross_validation.py::TestCrossValidation::test_end_to_end_validation - RuntimeError: The size of tensor a (16) must match the size of tensor b (8) at non-singleton dimen...
FAILED tests/test_integration/test_cross_validation.py::TestCrossValidation::test_validation_stability - RuntimeError: The size of tensor a (16) must match the size of tensor b (8) at non-singleton dimen...
FAILED tests/test_neural/test_attention/test_exponential.py::test_exponential_map - assert False
FAILED tests/test_neural/test_attention/test_logarithm.py::test_logarithm_map - assert tensor(0.0296) < 1e-06
FAILED tests/test_neural/test_attention/test_logarithm.py::test_logarithm_map_properties - assert False
FAILED tests/test_neural/test_attention/test_logarithm.py::test_exp_log_inverse - assert False
FAILED tests/test_neural/test_attention/test_minkowski.py::test_advanced_minkowski_properties - AssertionError: Large vector projection should still be orthogonal
FAILED tests/test_neural/test_attention/test_pattern/test_bifurcation.py::test_bifurcation_analysis - AssertionError: Should detect bifurcations
FAILED tests/test_neural/test_attention/test_pattern/test_bifurcation.py::test_bifurcation_detection_threshold - AssertionError: Should detect bifurcation near param = 1
FAILED tests/test_neural/test_attention/test_pattern/test_bifurcation.py::test_solution_branches - RuntimeError: cannot reshape tensor of 0 elements into shape [0, -1] because the unspecified dimen...
FAILED tests/test_neural/test_attention/test_pattern/test_control.py::test_pattern_control - AssertionError: Should satisfy constraints
FAILED tests/test_neural/test_attention/test_pattern/test_control.py::test_spatiotemporal_evolution - TypeError: test_spatiotemporal_evolution.<locals>.coupling() missing 1 required positional argumen...
FAILED tests/test_neural/test_attention/test_pattern/test_diffusion_properties.py::test_convergence_to_steady_state - AssertionError: Should converge to uniform state
FAILED tests/test_neural/test_attention/test_pattern/test_reaction_diffusion.py::test_reaction_diffusion - TypeError: 'Tensor' object is not callable
FAILED tests/test_neural/test_attention/test_pattern/test_stability.py::test_stability_analysis - AttributeError: 'ReactionSystem' object has no attribute 'compute_reaction'
FAILED tests/test_neural/test_attention/test_pattern_dynamics.py::TestPatternDynamics::test_stability_analysis_basic - AttributeError: 'ReactionSystem' object has no attribute 'compute_reaction'
FAILED tests/test_neural/test_attention/test_pattern_dynamics.py::TestPatternDynamics::test_stability_analysis_advanced - RuntimeError: imag is not implemented for tensors with non-complex dtypes.
FAILED tests/test_neural/test_attention/test_pattern_dynamics.py::TestPatternDynamics::test_pattern_formation - AssertionError: Should detect pattern formation
FAILED tests/test_neural/test_attention/test_pattern_dynamics.py::TestPatternDynamics::test_forward_pass - RuntimeError: The size of tensor a (2) must match the size of tensor b (16) at non-singleton dimen...
FAILED tests/test_neural/test_attention/test_quantum_geometric_attention.py::TestQuantumGeometricAttention::test_attention_state_preparation - AssertionError: Head dimension correct
FAILED tests/test_neural/test_attention/test_quantum_geometric_attention.py::TestQuantumGeometricAttention::test_attention_pattern_computation - TypeError: QuantumGeometricAttention.compute_attention_patterns() got an unexpected keyword argume...
FAILED tests/test_neural/test_attention/test_quantum_geometric_attention.py::TestQuantumGeometricAttention::test_geometric_attention_flow - AttributeError: 'QuantumGeometricAttention' object has no attribute 'geometric_attention_flow'
FAILED tests/test_neural/test_attention/test_quantum_geometric_attention.py::TestQuantumGeometricAttention::test_quantum_classical_interface - AttributeError: 'QuantumGeometricAttention' object has no attribute 'is_valid_quantum_state'
FAILED tests/test_neural/test_attention/test_quantum_geometric_attention.py::TestQuantumGeometricAttention::test_multi_head_integration - AttributeError: 'QuantumGeometricAttention' object has no attribute 'integrate_heads'
FAILED tests/test_neural/test_attention/test_quantum_geometric_attention.py::TestQuantumGeometricAttention::test_geometric_phases - TypeError: randn() received an invalid combination of arguments - got (Tensor, int, Tensor, int), ...
FAILED tests/test_neural/test_attention/test_quantum_geometric_attention.py::TestQuantumGeometricAttention::test_manifold_curvature - AttributeError: 'Tensor' object has no attribute 'geometric_state'
FAILED tests/test_neural/test_attention/test_quantum_geometric_attention.py::TestQuantumGeometricAttention::test_attention_entanglement - AttributeError: 'QuantumGeometricAttention' object has no attribute 'compute_entanglement_entropy'
FAILED tests/test_neural/test_attention/test_quantum_geometric_attention.py::TestQuantumGeometricAttention::test_error_correction - RuntimeError: mat1 and mat2 shapes cannot be multiplied (4096x8 and 64x32)
FAILED tests/test_neural/test_attention/test_quantum_geometric_attention.py::TestQuantumGeometricAttention::test_topological_features - TypeError: QuantumGeometricAttention.build_attention_complex() missing 2 required positional argum...
FAILED tests/test_neural/test_attention/test_quantum_geometric_attention.py::TestQuantumGeometricAttention::test_attention_patterns - RuntimeError: mat1 and mat2 shapes cannot be multiplied (4096x8 and 64x64)
FAILED tests/test_neural/test_attention/test_quantum_geometric_attention.py::TestQuantumGeometricAttention::test_geometric_structures - AttributeError: 'GeometricStructures' object has no attribute 'metric'
FAILED tests/test_neural/test_attention/test_quantum_geometric_attention.py::TestQuantumGeometricAttention::test_pattern_dynamics - AttributeError: 'PatternDynamics' object has no attribute 'pattern_importance'
FAILED tests/test_neural/test_flow/test_hamiltonian.py::TestHamiltonianSystem::test_hamiltonian_computation - AssertionError: Energy should be non-negative
FAILED tests/test_neural/test_flow/test_hamiltonian.py::TestHamiltonianSystem::test_evolution - RuntimeError: One of the differentiated Tensors does not require grad
FAILED tests/test_neural/test_flow/test_hamiltonian.py::TestHamiltonianSystem::test_canonical_transformations - RuntimeError: element 0 of tensors does not require grad and does not have a grad_fn
FAILED tests/test_neural/test_flow/test_hamiltonian.py::TestHamiltonianSystem::test_symplectic_integration - RuntimeError: One of the differentiated Tensors does not require grad
FAILED tests/test_utils/test_helpers.py::test_tensor_assertions - AssertionError: Tensor is not unitary, max deviation: 1.1920928955078125e-07
FAILED tests/test_utils/test_helpers.py::test_numerical_stability - TypeError: MSELoss.forward() missing 1 required positional argument: 'target'
FAILED tests/test_validation/test_debug_flow.py::TestStabilityValidation::test_validate_stability_return_type[is_valid] - TypeError: The outputs of the user-provided function given to jacobian must be either a Tensor or ...
FAILED tests/test_validation/test_debug_flow.py::TestStabilityValidation::test_validate_stability_return_type[message] - TypeError: The outputs of the user-provided function given to jacobian must be either a Tensor or ...
FAILED tests/test_validation/test_debug_flow.py::TestStabilityValidation::test_validate_stability_return_type[data] - TypeError: The outputs of the user-provided function given to jacobian must be either a Tensor or ...
FAILED tests/test_validation/test_debug_flow.py::TestStabilityValidation::test_stability_spectrum_computation - TypeError: The outputs of the user-provided function given to jacobian must be either a Tensor or ...
FAILED tests/test_validation/test_debug_flow.py::TestEnergyValidation::test_energy_computation[check0] - AttributeError: 'TilingFlowValidator' object has no attribute 'compute_energy'
FAILED tests/test_validation/test_debug_flow.py::TestEnergyValidation::test_energy_computation[check1] - AttributeError: 'TilingFlowValidator' object has no attribute 'compute_energy'
FAILED tests/test_validation/test_debug_flow.py::TestEnergyValidation::test_energy_computation[check2] - AttributeError: 'TilingFlowValidator' object has no attribute 'compute_energy'
FAILED tests/test_validation/test_debug_flow.py::TestEnergyValidation::test_energy_conservation_validation - AssertionError: Should have energy metrics
FAILED tests/test_validation/test_debug_flow.py::TestFlowProperties::test_flow_properties_construction - AssertionError: Should have stability metrics
FAILED tests/test_validation/test_debug_flow.py::TestFlowProperties::test_flow_properties_with_energy - AssertionError: Should have energy metrics
FAILED tests/test_validation/test_flow_validation.py::TestFlowValidation::test_energy_conservation - assert 'energy' in {'error': "shape '[2, 3, 3]' is invalid for input of size 1800"}
FAILED tests/test_validation/test_flow_validation.py::TestFlowValidation::test_flow_monotonicity - assert 'stability' in {'error': "shape '[2, 3, 3]' is invalid for input of size 1800"}
FAILED tests/test_validation/test_flow_validation.py::TestFlowValidation::test_long_time_existence - assert 'stability' in {'error': "shape '[2, 3, 3]' is invalid for input of size 1800"}
FAILED tests/test_validation/test_flow_validation.py::TestFlowValidation::test_singularity_detection - assert 'metric' in {'error': "shape '[2, 3, 3]' is invalid for input of size 18000"}
FAILED tests/test_validation/test_flow_validation.py::TestFlowValidation::test_validation_integration - assert 'metric' in {'error': "shape '[2, 3, 3]' is invalid for input of size 1800"}
FAILED tests/test_validation/test_framework.py::TestValidationFramework::test_geometric_validation - AssertionError: assert False
FAILED tests/test_validation/test_framework.py::TestValidationFramework::test_quantum_validation - RuntimeError: trace: expected a matrix, but got tensor with dim 3
FAILED tests/test_validation/test_framework.py::TestValidationFramework::test_pattern_validation - RuntimeError: shape '[16, 16]' is invalid for input of size 1024
FAILED tests/test_validation/test_framework.py::TestValidationFramework::test_integrated_validation - RuntimeError: trace: expected a matrix, but got tensor with dim 3
FAILED tests/test_validation/test_framework.py::TestValidationFramework::test_error_handling - Failed: DID NOT RAISE <class 'ValueError'>
FAILED tests/test_validation/test_framework.py::TestValidationFramework::test_validation_metrics - RuntimeError: The size of tensor a (8) must match the size of tensor b (16) at non-singleton dimen...
FAILED tests/test_validation/test_framework.py::TestValidationFramework::test_full_integration - RuntimeError: The size of tensor a (8) must match the size of tensor b (16) at non-singleton dimen...
FAILED tests/test_validation/test_framework.py::TestValidationFramework::test_validate_all - RuntimeError: trace: expected a matrix, but got tensor with dim 3
FAILED tests/test_validation/test_metric_validation.py::TestMetricValidation::test_fisher_rao_metric - assert False
FAILED tests/test_validation/test_metric_validation.py::TestMetricValidation::test_curvature_validation - RuntimeError: expand(torch.FloatTensor{[16, 8, 8]}, size=[16, 8]): the number of sizes provided (2...
FAILED tests/test_validation/test_metric_validation.py::TestMetricValidation::test_metric_properties - RuntimeError: The size of tensor a (64) must match the size of tensor b (8) at non-singleton dimen...
FAILED tests/test_validation/test_model_geometric.py::TestModelGeometricValidator::test_validate_layer_geometry - AssertionError: Layer validation failed: Error validating layer input: 'MockModelGeometry' object ...
FAILED tests/test_validation/test_model_geometric.py::TestModelGeometricValidator::test_validate_attention_geometry - AssertionError: Query metric not found in validation data
FAILED tests/test_validation/test_model_geometric.py::TestModelGeometricValidator::test_geometric_preservation - AssertionError: Attention does not preserve geometric structure
FAILED tests/test_validation/test_motivic.py::TestMotivicRiemannianValidator::test_different_dimensions[2-3] - TypeError: RiemannianFiberBundle.__init__() missing 1 required positional argument: 'dimension'
FAILED tests/test_validation/test_motivic.py::TestMotivicRiemannianValidator::test_different_dimensions[4-6] - TypeError: RiemannianFiberBundle.__init__() missing 1 required positional argument: 'dimension'
FAILED tests/test_validation/test_motivic.py::TestMotivicRiemannianValidator::test_different_dimensions[5-8] - TypeError: RiemannianFiberBundle.__init__() missing 1 required positional argument: 'dimension'
FAILED tests/test_validation/test_pattern_flow.py::test_pattern_flow_stability - RuntimeError: mat1 and mat2 shapes cannot be multiplied (32x16 and 32x128)
FAILED tests/test_validation/test_pattern_flow.py::test_pattern_flow_energy - RuntimeError: mat1 and mat2 shapes cannot be multiplied (32x16 and 32x128)
FAILED tests/test_validation/test_pattern_formation.py::TestPatternFormation::test_pattern_emergence - ValueError: not enough values to unpack (expected 2, got 1)
FAILED tests/test_validation/test_pattern_formation.py::TestPatternFormation::test_spatial_organization - IndexError: The shape of the mask [1024] at index 0 does not match the shape of the indexed tensor...
FAILED tests/test_validation/test_pattern_formation.py::TestPatternFormation::test_validation_integration - ValueError: not enough values to unpack (expected 2, got 1)
FAILED tests/test_validation/test_pattern_formation.py::TestPatternFormation::test_reaction_diffusion - ValueError: not enough values to unpack (expected 2, got 1)
FAILED tests/test_validation/test_pattern_formation.py::TestPatternFormation::test_symmetry_breaking - IndexError: The shape of the mask [1024] at index 0 does not match the shape of the indexed tensor...
FAILED tests/test_validation/test_pattern_formation.py::TestPatternFormation::test_pattern_stability - ValueError: not enough values to unpack (expected 2, got 1)
FAILED tests/test_validation/test_pattern_stability.py::TestPatternStability::test_linear_stability - RuntimeError: mat1 and mat2 shapes cannot be multiplied (16x32 and 16x64)
FAILED tests/test_validation/test_pattern_stability.py::TestPatternStability::test_nonlinear_stability - RuntimeError: mat1 and mat2 shapes cannot be multiplied (16x32 and 16x64)
FAILED tests/test_validation/test_pattern_stability.py::TestPatternStability::test_perturbation_response - RuntimeError: shape '[-1, 2, 32, 32]' is invalid for input of size 320
FAILED tests/test_validation/test_pattern_stability.py::TestPatternStability::test_lyapunov_analysis - RuntimeError: mat1 and mat2 shapes cannot be multiplied (512x100 and 16x64)
FAILED tests/test_validation/test_pattern_stability.py::TestPatternStability::test_mode_stability - RuntimeError: mat1 and mat2 shapes cannot be multiplied (16x32 and 16x64)
FAILED tests/test_validation/test_pattern_stability.py::TestPatternStability::test_stability_metrics - RuntimeError: mat1 and mat2 shapes cannot be multiplied (16x32 and 16x64)
FAILED tests/test_validation/test_pattern_stability.py::TestPatternStability::test_validation_integration - RuntimeError: mat1 and mat2 shapes cannot be multiplied (16x100 and 16x64)
FAILED tests/test_validation/test_pattern_stability.py::TestPatternStability::test_dynamical_system - IndexError: too many indices for tensor of dimension 1
FAILED tests/test_validation/test_pattern_stability.py::TestPatternStability::test_bifurcation_theory - RuntimeError: mat1 and mat2 shapes cannot be multiplied (16x32 and 16x64)
FAILED tests/test_validation/test_pattern_stability.py::TestPatternStability::test_stability_analysis - RuntimeError: mat1 and mat2 shapes cannot be multiplied (1x32 and 16x64)
FAILED tests/test_validation/test_state_validation.py::TestStateValidation::test_state_preparation - AssertionError: assert False
FAILED tests/test_validation/test_state_validation.py::TestStateValidation::test_density_matrix_properties - RuntimeError: trace: expected a matrix, but got tensor with dim 3
FAILED tests/test_validation/test_state_validation.py::TestStateValidation::test_state_tomography - RuntimeError: trace: expected a matrix, but got tensor with dim 3
FAILED tests/test_validation/test_state_validation.py::TestStateValidation::test_validation_integration - AssertionError: assert False
FAILED tests/test_validation/test_symplectic.py::TestWavePacketValidator::test_validate_wave_packet - AssertionError: assert False
FAILED tests/test_validation/test_symplectic.py::TestWavePacketValidator::test_invalid_wave_packet - KeyError: 'is_normalized'
FAILED tests/test_validation/test_symplectic.py::TestOperadicValidator::test_validate_operadic_transition - AssertionError: assert 'dimensions_match' in {'error': 'expected m1 and m2 to have the same dtype,...
FAILED tests/test_validation/test_symplectic.py::TestQuantumGeometricValidator::test_invalid_quantum_geometric - AssertionError: assert not True
ERROR tests/performance/benchmarks/test_vulkan.py::TestVulkanBenchmarks::test_pool_efficiency - TypeError: byref() argument must be a ctypes instance, not '_cffi_backend.__CDataOwn'
ERROR tests/performance/benchmarks/test_vulkan.py::TestVulkanBenchmarks::test_pool_efficiency - AttributeError: 'TestVulkanBenchmarks' object has no attribute 'memory'
ERROR tests/performance/benchmarks/test_vulkan.py::TestVulkanBenchmarks::test_memory_operations - TypeError: byref() argument must be a ctypes instance, not '_cffi_backend.__CDataOwn'
ERROR tests/performance/benchmarks/test_vulkan.py::TestVulkanBenchmarks::test_memory_operations - AttributeError: 'TestVulkanBenchmarks' object has no attribute 'memory'
ERROR tests/performance/vulkan/gpu/test_memory_management.py::test_tensor_allocation - TypeError: int() not supported on cdata 'struct VkDevice_T *'
ERROR tests/performance/vulkan/gpu/test_memory_management.py::test_data_transfer - TypeError: int() not supported on cdata 'struct VkDevice_T *'
ERROR tests/performance/vulkan/gpu/test_memory_management.py::test_memory_tracking - TypeError: int() not supported on cdata 'struct VkDevice_T *'
ERROR tests/performance/vulkan/gpu/test_memory_management.py::test_error_handling - TypeError: int() not supported on cdata 'struct VkDevice_T *'
ERROR tests/performance/vulkan/gpu/test_memory_management.py::test_buffer_pool_cleanup - TypeError: int() not supported on cdata 'struct VkDevice_T *'
ERROR tests/performance/vulkan/test_compute.py::test_shader_compilation[matrix_size0-pattern] - RuntimeError: Shader compilation failed: glslc: error: cannot open input file: 'src/core/backends/...
ERROR tests/performance/vulkan/test_compute.py::test_shader_compilation[matrix_size0-flow] - RuntimeError: Shader compilation failed: glslc: error: cannot open input file: 'src/core/backends/...
ERROR tests/performance/vulkan/test_compute.py::test_shader_compilation[matrix_size0-attention] - RuntimeError: Shader compilation failed: glslc: error: cannot open input file: 'src/core/backends/...
ERROR tests/performance/vulkan/test_compute.py::test_shader_compilation[matrix_size1-pattern] - RuntimeError: Shader compilation failed: glslc: error: cannot open input file: 'src/core/backends/...
ERROR tests/performance/vulkan/test_compute.py::test_shader_compilation[matrix_size1-flow] - RuntimeError: Shader compilation failed: glslc: error: cannot open input file: 'src/core/backends/...
ERROR tests/performance/vulkan/test_compute.py::test_shader_compilation[matrix_size1-attention] - RuntimeError: Shader compilation failed: glslc: error: cannot open input file: 'src/core/backends/...
ERROR tests/performance/vulkan/test_compute.py::test_shader_compilation[matrix_size2-pattern] - RuntimeError: Shader compilation failed: glslc: error: cannot open input file: 'src/core/backends/...
ERROR tests/performance/vulkan/test_compute.py::test_shader_compilation[matrix_size2-flow] - RuntimeError: Shader compilation failed: glslc: error: cannot open input file: 'src/core/backends/...
ERROR tests/performance/vulkan/test_compute.py::test_shader_compilation[matrix_size2-attention] - RuntimeError: Shader compilation failed: glslc: error: cannot open input file: 'src/core/backends/...
ERROR tests/performance/vulkan/test_compute.py::test_workgroup_optimization[matrix_size0-workgroup_size0] - RuntimeError: Shader compilation failed: glslc: error: cannot open input file: 'src/core/backends/...
ERROR tests/performance/vulkan/test_compute.py::test_workgroup_optimization[matrix_size0-workgroup_size1] - RuntimeError: Shader compilation failed: glslc: error: cannot open input file: 'src/core/backends/...
ERROR tests/performance/vulkan/test_compute.py::test_workgroup_optimization[matrix_size0-workgroup_size2] - RuntimeError: Shader compilation failed: glslc: error: cannot open input file: 'src/core/backends/...
ERROR tests/performance/vulkan/test_compute.py::test_workgroup_optimization[matrix_size1-workgroup_size0] - RuntimeError: Shader compilation failed: glslc: error: cannot open input file: 'src/core/backends/...
ERROR tests/performance/vulkan/test_compute.py::test_workgroup_optimization[matrix_size1-workgroup_size1] - RuntimeError: Shader compilation failed: glslc: error: cannot open input file: 'src/core/backends/...
ERROR tests/performance/vulkan/test_compute.py::test_workgroup_optimization[matrix_size1-workgroup_size2] - RuntimeError: Shader compilation failed: glslc: error: cannot open input file: 'src/core/backends/...
ERROR tests/performance/vulkan/test_compute.py::test_workgroup_optimization[matrix_size2-workgroup_size0] - RuntimeError: Shader compilation failed: glslc: error: cannot open input file: 'src/core/backends/...
ERROR tests/performance/vulkan/test_compute.py::test_workgroup_optimization[matrix_size2-workgroup_size1] - RuntimeError: Shader compilation failed: glslc: error: cannot open input file: 'src/core/backends/...
ERROR tests/performance/vulkan/test_compute.py::test_workgroup_optimization[matrix_size2-workgroup_size2] - RuntimeError: Shader compilation failed: glslc: error: cannot open input file: 'src/core/backends/...
ERROR tests/performance/vulkan/test_compute.py::test_memory_transfer[matrix_size0-1] - RuntimeError: Shader compilation failed: glslc: error: cannot open input file: 'src/core/backends/...
ERROR tests/performance/vulkan/test_compute.py::test_memory_transfer[matrix_size0-8] - RuntimeError: Shader compilation failed: glslc: error: cannot open input file: 'src/core/backends/...
ERROR tests/performance/vulkan/test_compute.py::test_memory_transfer[matrix_size0-32] - RuntimeError: Shader compilation failed: glslc: error: cannot open input file: 'src/core/backends/...
ERROR tests/performance/vulkan/test_compute.py::test_memory_transfer[matrix_size1-1] - RuntimeError: Shader compilation failed: glslc: error: cannot open input file: 'src/core/backends/...
ERROR tests/performance/vulkan/test_compute.py::test_memory_transfer[matrix_size1-8] - RuntimeError: Shader compilation failed: glslc: error: cannot open input file: 'src/core/backends/...
ERROR tests/performance/vulkan/test_compute.py::test_memory_transfer[matrix_size1-32] - RuntimeError: Shader compilation failed: glslc: error: cannot open input file: 'src/core/backends/...
ERROR tests/performance/vulkan/test_compute.py::test_memory_transfer[matrix_size2-1] - RuntimeError: Shader compilation failed: glslc: error: cannot open input file: 'src/core/backends/...
ERROR tests/performance/vulkan/test_compute.py::test_memory_transfer[matrix_size2-8] - RuntimeError: Shader compilation failed: glslc: error: cannot open input file: 'src/core/backends/...
ERROR tests/performance/vulkan/test_compute.py::test_memory_transfer[matrix_size2-32] - RuntimeError: Shader compilation failed: glslc: error: cannot open input file: 'src/core/backends/...
ERROR tests/performance/vulkan/test_compute.py::test_resource_management[pattern] - RuntimeError: Shader compilation failed: glslc: error: cannot open input file: 'src/core/backends/...
ERROR tests/performance/vulkan/test_compute.py::test_resource_management[flow] - RuntimeError: Shader compilation failed: glslc: error: cannot open input file: 'src/core/backends/...
ERROR tests/performance/vulkan/test_compute.py::test_resource_management[attention] - RuntimeError: Shader compilation failed: glslc: error: cannot open input file: 'src/core/backends/...
ERROR tests/performance/vulkan/test_compute.py::test_descriptor_set_optimization - RuntimeError: Shader compilation failed: glslc: error: cannot open input file: 'src/core/backends/...
ERROR tests/performance/vulkan/test_shaders.py::TestVulkanShaders::test_pattern_evolution_performance - TypeError: int() not supported on cdata 'struct VkDevice_T *'
ERROR tests/performance/vulkan/test_shaders.py::TestVulkanShaders::test_flow_computation_performance - TypeError: int() not supported on cdata 'struct VkDevice_T *'
ERROR tests/performance/vulkan/test_shaders.py::TestVulkanShaders::test_workgroup_impact - TypeError: int() not supported on cdata 'struct VkDevice_T *'
ERROR tests/performance/vulkan/test_shaders.py::TestVulkanShaders::test_push_constant_performance - TypeError: int() not supported on cdata 'struct VkDevice_T *'
ERROR tests/performance/vulkan/test_shaders.py::TestVulkanShaders::test_batch_processing_efficiency - TypeError: int() not supported on cdata 'struct VkDevice_T *'
ERROR tests/performance/vulkan/test_sync.py::TestVulkanSync::test_fence_performance - TypeError: byref() argument must be a ctypes instance, not '_cffi_backend.__CDataOwn'
ERROR tests/performance/vulkan/test_sync.py::TestVulkanSync::test_fence_performance - TypeError: an integer is required
ERROR tests/performance/vulkan/test_sync.py::TestVulkanSync::test_semaphore_performance - TypeError: byref() argument must be a ctypes instance, not '_cffi_backend.__CDataOwn'
ERROR tests/performance/vulkan/test_sync.py::TestVulkanSync::test_semaphore_performance - TypeError: an integer is required
ERROR tests/performance/vulkan/test_sync.py::TestVulkanSync::test_event_performance - TypeError: byref() argument must be a ctypes instance, not '_cffi_backend.__CDataOwn'
ERROR tests/performance/vulkan/test_sync.py::TestVulkanSync::test_event_performance - TypeError: an integer is required
ERROR tests/performance/vulkan/test_sync.py::TestVulkanSync::test_barrier_overhead - TypeError: byref() argument must be a ctypes instance, not '_cffi_backend.__CDataOwn'
ERROR tests/performance/vulkan/test_sync.py::TestVulkanSync::test_barrier_overhead - TypeError: an integer is required
ERROR tests/performance/vulkan/test_sync.py::TestVulkanSync::test_queue_sync - TypeError: byref() argument must be a ctypes instance, not '_cffi_backend.__CDataOwn'
ERROR tests/performance/vulkan/test_sync.py::TestVulkanSync::test_queue_sync - TypeError: an integer is required
ERROR tests/test_core/test_patterns/test_cohomology.py::test_cohomology_class_computation - TypeError: RiemannianFiberBundle.__init__() missing 1 required positional argument: 'dimension'
ERROR tests/test_core/test_patterns/test_cohomology.py::test_curvature_to_cohomology - TypeError: RiemannianFiberBundle.__init__() missing 1 required positional argument: 'dimension'
ERROR tests/test_core/test_patterns/test_cohomology.py::test_height_theory_integration - TypeError: RiemannianFiberBundle.__init__() missing 1 required positional argument: 'dimension'
ERROR tests/test_core/test_patterns/test_cohomology.py::test_boundary_cases - TypeError: RiemannianFiberBundle.__init__() missing 1 required positional argument: 'dimension'
ERROR tests/test_core/test_patterns/test_fiber_bundle.py::TestPatternFiberBundle::test_device_handling - RuntimeError: Failed to compute symplectic form: Failed to transform tensor dimensions: expected m...
ERROR tests/test_core/test_patterns/test_fiber_bundle.py::TestPatternFiberBundle::test_parameter_gradients - RuntimeError: Failed to compute symplectic form: Failed to transform tensor dimensions: expected m...
ERROR tests/test_core/test_patterns/test_fiber_bundle.py::TestPatternFiberBundle::test_batch_operations - RuntimeError: Failed to compute symplectic form: Failed to transform tensor dimensions: expected m...
ERROR tests/test_core/test_patterns/test_fiber_bundle.py::TestPatternFiberBundle::test_connection_form_components - RuntimeError: Failed to compute symplectic form: Failed to transform tensor dimensions: expected m...
ERROR tests/test_core/test_patterns/test_fiber_bundle.py::TestPatternFiberBundle::test_parallel_transport_components - RuntimeError: Failed to compute symplectic form: Failed to transform tensor dimensions: expected m...
ERROR tests/test_core/test_patterns/test_fiber_bundle.py::TestPatternFiberBundle::test_holonomy_properties - RuntimeError: Failed to compute symplectic form: Failed to transform tensor dimensions: expected m...
ERROR tests/test_core/test_patterns/test_fiber_bundle.py::TestPatternFiberBundle::TestConnectionFormProperties::test_base_direction_independence - RuntimeError: Failed to compute symplectic form: Failed to transform tensor dimensions: expected m...
ERROR tests/test_core/test_patterns/test_fiber_bundle.py::TestPatternFiberBundle::TestConnectionFormProperties::test_levi_civita_symmetry - RuntimeError: Failed to compute symplectic form: Failed to transform tensor dimensions: expected m...
ERROR tests/test_core/test_patterns/test_fiber_bundle.py::TestPatternFiberBundle::TestConnectionFormProperties::test_fiber_skew_symmetry_preservation - RuntimeError: Failed to compute symplectic form: Failed to transform tensor dimensions: expected m...
ERROR tests/test_core/test_patterns/test_fiber_bundle.py::TestPatternFiberBundle::test_connection_vertical_preservation - RuntimeError: Failed to compute symplectic form: Failed to transform tensor dimensions: expected m...
ERROR tests/test_core/test_patterns/test_fiber_bundle.py::TestPatternFiberBundle::test_connection_horizontal_projection - RuntimeError: Failed to compute symplectic form: Failed to transform tensor dimensions: expected m...
ERROR tests/test_core/test_patterns/test_fiber_bundle.py::TestPatternFiberBundle::test_connection_levi_civita_compatibility - RuntimeError: Failed to compute symplectic form: Failed to transform tensor dimensions: expected m...
ERROR tests/test_core/test_patterns/test_fiber_bundle.py::TestGeometricComponents::test_metric_derivatives - RuntimeError: Failed to compute symplectic form: Failed to transform tensor dimensions: expected m...
ERROR tests/test_core/test_patterns/test_pattern_fiber_bundle_operadic.py::TestPatternFiberBundleOperadic::test_dimension_handling - RuntimeError: Failed to compute symplectic form: Failed to transform tensor dimensions: expected m...
ERROR tests/test_core/test_patterns/test_pattern_fiber_bundle_operadic.py::TestPatternFiberBundleOperadic::test_connection_form - RuntimeError: Failed to compute symplectic form: Failed to transform tensor dimensions: expected m...
ERROR tests/test_core/test_patterns/test_pattern_fiber_bundle_operadic.py::TestPatternFiberBundleOperadic::test_local_trivialization - RuntimeError: Failed to compute symplectic form: Failed to transform tensor dimensions: expected m...
ERROR tests/test_core/test_patterns/test_pattern_fiber_bundle_operadic.py::TestPatternFiberBundleOperadic::test_parallel_transport - RuntimeError: Failed to compute symplectic form: Failed to transform tensor dimensions: expected m...
ERROR tests/test_core/test_patterns/test_pattern_fiber_bundle_operadic.py::TestPatternFiberBundleOperadic::test_symplectic_structure - RuntimeError: Failed to compute symplectic form: Failed to transform tensor dimensions: expected m...
ERROR tests/test_core/test_patterns/test_pattern_fiber_bundle_operadic.py::TestPatternFiberBundleOperadic::test_structure_group_action - RuntimeError: Failed to compute symplectic form: Failed to transform tensor dimensions: expected m...
ERROR tests/test_core/test_patterns/test_pattern_processor.py::test_initialization - RuntimeError: Failed to compute symplectic form: Failed to transform tensor dimensions: expected m...
ERROR tests/test_core/test_patterns/test_pattern_processor.py::test_process_pattern - RuntimeError: Failed to compute symplectic form: Failed to transform tensor dimensions: expected m...
ERROR tests/test_core/test_patterns/test_pattern_processor.py::test_forward - RuntimeError: Failed to compute symplectic form: Failed to transform tensor dimensions: expected m...
ERROR tests/test_core/test_patterns/test_pattern_processor.py::test_device_handling - RuntimeError: Failed to compute symplectic form: Failed to transform tensor dimensions: expected m...
ERROR tests/test_core/test_patterns/test_pattern_processor.py::test_error_handling - RuntimeError: Failed to compute symplectic form: Failed to transform tensor dimensions: expected m...
ERROR tests/test_core/test_quantum/test_neural_quantum_bridge.py::TestNeuralQuantumBridge::test_bridge_scales - RuntimeError: Failed to compute symplectic form: Failed to transform tensor dimensions: expected m...
ERROR tests/test_core/test_quantum/test_neural_quantum_bridge.py::TestNeuralQuantumBridge::test_compute_coherence - RuntimeError: Failed to compute symplectic form: Failed to transform tensor dimensions: expected m...
ERROR tests/test_core/test_quantum/test_neural_quantum_bridge.py::TestNeuralQuantumBridge::test_invalid_inputs - RuntimeError: Failed to compute symplectic form: Failed to transform tensor dimensions: expected m...
ERROR tests/test_core/test_scale_transition.py::TestScaleTransitionLayer::test_initialization - RuntimeError: Failed to compute symplectic form: Failed to transform tensor dimensions: expected m...
ERROR tests/test_core/test_scale_transition.py::TestScaleTransitionLayer::test_transition_up - RuntimeError: Failed to compute symplectic form: Failed to transform tensor dimensions: expected m...
ERROR tests/test_core/test_scale_transition.py::TestScaleTransitionLayer::test_transition_down - RuntimeError: Failed to compute symplectic form: Failed to transform tensor dimensions: expected m...
ERROR tests/test_core/test_scale_transition.py::TestScaleTransitionLayer::test_invalid_transitions - RuntimeError: Failed to compute symplectic form: Failed to transform tensor dimensions: expected m...
ERROR tests/test_core/test_scale_transition.py::TestScaleTransitionSystem::test_connect_scales - RuntimeError: Failed to compute symplectic form: Failed to transform tensor dimensions: expected m...
ERROR tests/test_core/test_scale_transition.py::TestScaleTransitionSystem::test_validate_transitions - RuntimeError: Failed to compute symplectic form: Failed to transform tensor dimensions: expected m...
ERROR tests/test_core/test_scale_transition.py::TestScaleTransitionSystem::test_invalid_inputs - RuntimeError: Failed to compute symplectic form: Failed to transform tensor dimensions: expected m...
ERROR tests/test_core/test_scale_transition.py::TestScaleTransitionSystem::test_scale_transition_accuracy - RuntimeError: Failed to compute symplectic form: Failed to transform tensor dimensions: expected m...
ERROR tests/test_core/test_scale_transition.py::TestScaleTransitionSystem::test_scale_transition_reversibility - RuntimeError: Failed to compute symplectic form: Failed to transform tensor dimensions: expected m...
ERROR tests/test_core/test_scale_transition.py::TestScaleTransitionSystem::test_quantum_property_preservation - RuntimeError: Failed to compute symplectic form: Failed to transform tensor dimensions: expected m...
ERROR tests/test_core/test_scale_transition.py::TestScaleTransitionSystem::test_scale_transition_stability - RuntimeError: Failed to compute symplectic form: Failed to transform tensor dimensions: expected m...
ERROR tests/test_neural/test_attention/test_pattern/test_bifurcation.py::test_stability_computation
ERROR tests/test_neural/test_attention/test_pattern/test_bifurcation.py::test_state_evolution
ERROR tests/test_neural/test_attention/test_pattern/test_bifurcation.py::test_bifurcation_detection_components
ERROR tests/test_neural/test_attention/test_pattern/test_bifurcation.py::test_convergence_at_bifurcation
ERROR tests/test_neural/test_attention/test_pattern/test_quantum.py::TestQuantumPatterns::test_quantum_state_conversion - RuntimeError: Failed to compute symplectic form: Failed to transform tensor dimensions: expected m...
ERROR tests/test_neural/test_attention/test_pattern/test_quantum.py::TestQuantumPatterns::test_quantum_evolution - RuntimeError: Failed to compute symplectic form: Failed to transform tensor dimensions: expected m...
ERROR tests/test_neural/test_attention/test_pattern/test_quantum.py::TestQuantumPatterns::test_quantum_geometric_tensor - RuntimeError: Failed to compute symplectic form: Failed to transform tensor dimensions: expected m...
ERROR tests/test_neural/test_attention/test_pattern/test_quantum.py::TestQuantumPatterns::test_berry_phase - RuntimeError: Failed to compute symplectic form: Failed to transform tensor dimensions: expected m...
ERROR tests/test_neural/test_attention/test_pattern/test_quantum.py::TestQuantumPatterns::test_quantum_potential - RuntimeError: Failed to compute symplectic form: Failed to transform tensor dimensions: expected m...
ERROR tests/test_neural/test_attention/test_pattern/test_quantum.py::TestQuantumPatterns::test_parallel_transport - RuntimeError: Failed to compute symplectic form: Failed to transform tensor dimensions: expected m...
ERROR tests/test_neural/test_flow/test_geometric_flow.py::TestGeometricFlow::test_metric_computation - RuntimeError: Failed to compute symplectic form: Failed to transform tensor dimensions: expected m...
ERROR tests/test_neural/test_flow/test_geometric_flow.py::TestGeometricFlow::test_metric_conditioning - RuntimeError: Failed to compute symplectic form: Failed to transform tensor dimensions: expected m...
ERROR tests/test_neural/test_flow/test_geometric_flow.py::TestGeometricFlow::test_flow_magnitude - RuntimeError: Failed to compute symplectic form: Failed to transform tensor dimensions: expected m...
ERROR tests/test_neural/test_flow/test_geometric_flow.py::TestGeometricFlow::test_ricci_flow_stability - RuntimeError: Failed to compute symplectic form: Failed to transform tensor dimensions: expected m...
ERROR tests/test_neural/test_flow/test_geometric_flow.py::TestGeometricFlow::test_ricci_flow - RuntimeError: Failed to compute symplectic form: Failed to transform tensor dimensions: expected m...
ERROR tests/test_neural/test_flow/test_geometric_flow.py::TestGeometricFlow::test_mean_curvature_flow - RuntimeError: Failed to compute symplectic form: Failed to transform tensor dimensions: expected m...
ERROR tests/test_neural/test_flow/test_geometric_flow.py::TestGeometricFlow::test_singularity_analysis - RuntimeError: Failed to compute symplectic form: Failed to transform tensor dimensions: expected m...
ERROR tests/test_neural/test_flow/test_geometric_flow.py::TestFlowStability::test_metric_conditioning - RuntimeError: Failed to compute symplectic form: Failed to transform tensor dimensions: expected m...
ERROR tests/test_neural/test_flow/test_geometric_flow.py::TestFlowStability::test_flow_magnitude - RuntimeError: Failed to compute symplectic form: Failed to transform tensor dimensions: expected m...
ERROR tests/test_neural/test_flow/test_geometric_flow.py::TestFlowStability::test_volume_preservation - RuntimeError: Failed to compute symplectic form: Failed to transform tensor dimensions: expected m...
ERROR tests/test_neural/test_flow/test_geometric_flow.py::TestFlowStability::test_ricci_flow_stability - RuntimeError: Failed to compute symplectic form: Failed to transform tensor dimensions: expected m...
ERROR tests/test_neural/test_flow/test_tensor_shapes.py::TestTensorShapes::test_geometric_flow_shapes - RuntimeError: Failed to compute symplectic form: Failed to transform tensor dimensions: expected m...
ERROR tests/test_neural/test_flow/test_tensor_shapes.py::TestTensorShapes::test_validation_shapes - RuntimeError: Failed to compute symplectic form: Failed to transform tensor dimensions: expected m...
ERROR tests/test_neural/test_flow/test_tensor_shapes.py::TestTensorShapes::test_convergence_shapes - RuntimeError: Failed to compute symplectic form: Failed to transform tensor dimensions: expected m...
ERROR tests/test_neural/test_flow/test_tensor_shapes.py::TestTensorShapes::test_energy_validation_shapes - RuntimeError: Failed to compute symplectic form: Failed to transform tensor dimensions: expected m...
ERROR tests/test_validation/test_motivic.py::TestHeightValidation::test_basic_height_properties - TypeError: RiemannianFiberBundle.__init__() missing 1 required positional argument: 'dimension'
ERROR tests/test_validation/test_motivic.py::TestHeightValidation::test_strictly_increasing_heights - TypeError: RiemannianFiberBundle.__init__() missing 1 required positional argument: 'dimension'
ERROR tests/test_validation/test_motivic.py::TestHeightValidation::test_height_edge_cases - TypeError: RiemannianFiberBundle.__init__() missing 1 required positional argument: 'dimension'
ERROR tests/test_validation/test_motivic.py::TestDynamicsValidation::test_basic_dynamics_properties - TypeError: RiemannianFiberBundle.__init__() missing 1 required positional argument: 'dimension'
ERROR tests/test_validation/test_motivic.py::TestDynamicsValidation::test_dynamics_consistency - TypeError: RiemannianFiberBundle.__init__() missing 1 required positional argument: 'dimension'
ERROR tests/test_validation/test_motivic.py::TestDynamicsValidation::test_dynamics_edge_cases - TypeError: RiemannianFiberBundle.__init__() missing 1 required positional argument: 'dimension'
ERROR tests/test_validation/test_motivic.py::TestDynamicsValidation::test_invalid_dynamics_cases - TypeError: RiemannianFiberBundle.__init__() missing 1 required positional argument: 'dimension'
ERROR tests/test_validation/test_motivic.py::TestCohomologyValidation::test_basic_cohomology_properties - TypeError: RiemannianFiberBundle.__init__() missing 1 required positional argument: 'dimension'
ERROR tests/test_validation/test_motivic.py::TestCohomologyValidation::test_curvature_bounds - TypeError: RiemannianFiberBundle.__init__() missing 1 required positional argument: 'dimension'
ERROR tests/test_validation/test_motivic.py::TestCohomologyValidation::test_cohomology_edge_cases - TypeError: RiemannianFiberBundle.__init__() missing 1 required positional argument: 'dimension'
ERROR tests/test_validation/test_motivic.py::TestCohomologyValidation::test_invalid_cohomology_cases - TypeError: RiemannianFiberBundle.__init__() missing 1 required positional argument: 'dimension'
ERROR tests/test_validation/test_motivic.py::TestMotivicRiemannianValidator::test_full_validation - TypeError: RiemannianFiberBundle.__init__() missing 1 required positional argument: 'dimension'
ERROR tests/test_validation/test_motivic.py::TestMotivicRiemannianValidator::test_validation_with_perturbation - TypeError: RiemannianFiberBundle.__init__() missing 1 required positional argument: 'dimension'
ERROR tests/test_validation/test_motivic.py::TestMotivicRiemannianValidator::test_boundary_cases - TypeError: RiemannianFiberBundle.__init__() missing 1 required positional argument: 'dimension'
========== 198 failed, 191 passed, 31 skipped, 19 warnings, 136 errors in 172.95s (0:02:52) ===========