============================= test session starts ==============================
platform linux -- Python 3.12.7, pytest-8.3.4, pluggy-1.5.0 -- /home/d/Desktop/adaptive-attention-tiling-v2/venv/bin/python3
cachedir: .pytest_cache
hypothesis profile 'default' -> database=DirectoryBasedExampleDatabase(PosixPath('/home/d/Desktop/adaptive-attention-tiling-v2/.hypothesis/examples'))
benchmark: 5.1.0 (defaults: timer=time.perf_counter disable_gc=False min_rounds=5 min_time=0.000005 max_time=1.0 calibration_precision=10 warmup=False warmup_iterations=100000)
rootdir: /home/d/Desktop/adaptive-attention-tiling-v2
configfile: pytest.ini
testpaths: tests
plugins: hydra-core-1.3.2, hypothesis-6.122.3, benchmark-5.1.0
collecting ... collected 432 items

tests/core/attention/test_geometric.py::test_minkowski_inner_product PASSED
tests/core/attention/test_geometric.py::test_project_to_hyperboloid PASSED
tests/core/attention/test_geometric.py::test_exp_log_inverse 
Original vector v: tensor([[-0.0002,  0.0126],
        [-0.0110,  0.1460]])
Point after exp map y: tensor([[ 1.0000, -0.0022],
        [ 1.0025,  0.0703]])
Recovered vector v: tensor([[-1.6083e-05,  1.0869e-03],
        [-1.0906e-02,  1.4504e-01]])
Difference: tensor([[1.7088e-04, 1.1548e-02],
        [7.1747e-05, 9.5420e-04]])
FAILED
tests/core/attention/test_geometric.py::test_parallel_transport PASSED
tests/core/attention/test_geometric.py::test_geodesic_distance Forward distance: tensor([1.2758, 1.8989])
Reverse distance: tensor([1.2758, 1.8989])
Difference: tensor([0., 0.])
Identity distance: tensor([0., 0.])
PASSED
tests/core/tiling/test_strategies.py::test_random_seed_consistency PASSED
tests/core/tiling/test_strategies.py::test_device_support[cpu] PASSED
tests/core/tiling/test_strategies.py::test_dtype_support[dtype0] PASSED
tests/core/tiling/test_strategies.py::test_dtype_support[dtype1] PASSED
tests/core/tiling/test_strategies.py::test_memory_tracking PASSED
tests/core/tiling/test_strategies.py::test_performance_benchmarking FAILED
tests/core/tiling/test_strategies.py::test_attention_tile_initialization PASSED
tests/core/tiling/test_strategies.py::test_attention_tile_process PASSED
tests/core/tiling/test_strategies.py::test_attention_tile_adapt_resolution PASSED
tests/core/tiling/test_strategies.py::test_attention_tile_neighbors PASSED
tests/core/tiling/test_strategies.py::test_state_management FAILED
tests/core/tiling/test_strategies.py::test_advanced_resolution_adaptation PASSED
tests/core/tiling/test_strategies.py::test_information_flow PASSED
tests/metrics/test_metrics_integration.py::TestMetricsIntegration::test_metrics_initialization FAILED
tests/metrics/test_metrics_integration.py::TestMetricsIntegration::test_metrics_after_processing FAILED
tests/metrics/test_metrics_integration.py::TestMetricsIntegration::test_metrics_history FAILED
tests/metrics/test_metrics_integration.py::TestMetricsIntegration::test_metrics_with_resolution_change FAILED
tests/metrics/test_metrics_integration.py::TestMetricsIntegration::test_metrics_with_neighbors FAILED
tests/metrics/test_metrics_integration.py::TestMetricsIntegration::test_metrics_during_adaptation FAILED
tests/metrics/test_metrics_integration.py::TestMetricsIntegration::test_load_balancing_metrics PASSED
tests/metrics/test_metrics_integration.py::TestMetricsIntegration::test_stress_conditions PASSED
tests/performance/benchmarks/test_core.py::TestCoreOperations::test_attention_computation FAILED
tests/performance/benchmarks/test_core.py::TestCoreOperations::test_pattern_formation FAILED
tests/performance/benchmarks/test_core.py::TestCoreOperations::test_flow_evolution FAILED
tests/performance/benchmarks/test_core.py::TestCoreOperations::test_memory_patterns FAILED
tests/performance/benchmarks/test_core.py::TestCoreOperations::test_scaling_characteristics FAILED
tests/performance/benchmarks/test_vulkan.py::TestVulkanBenchmarks::test_pool_efficiency ERROR
tests/performance/benchmarks/test_vulkan.py::TestVulkanBenchmarks::test_pool_efficiency ERROR
tests/performance/benchmarks/test_vulkan.py::TestVulkanBenchmarks::test_memory_operations ERROR
tests/performance/benchmarks/test_vulkan.py::TestVulkanBenchmarks::test_memory_operations ERROR
tests/performance/cpu/test_algorithms.py::test_fast_path_optimization[0.1-matrix_size0] FAILED
tests/performance/cpu/test_algorithms.py::test_fast_path_optimization[0.1-matrix_size1] FAILED
tests/performance/cpu/test_algorithms.py::test_fast_path_optimization[0.5-matrix_size0] FAILED
tests/performance/cpu/test_algorithms.py::test_fast_path_optimization[0.5-matrix_size1] FAILED
tests/performance/cpu/test_algorithms.py::test_fast_path_optimization[0.9-matrix_size0] FAILED
tests/performance/cpu/test_algorithms.py::test_fast_path_optimization[0.9-matrix_size1] FAILED
tests/performance/cpu/test_algorithms.py::test_branch_prediction[matrix_size0-1] FAILED
tests/performance/cpu/test_algorithms.py::test_branch_prediction[matrix_size0-16] FAILED
tests/performance/cpu/test_algorithms.py::test_branch_prediction[matrix_size1-1] FAILED
tests/performance/cpu/test_algorithms.py::test_branch_prediction[matrix_size1-16] FAILED
tests/performance/cpu/test_algorithms.py::test_loop_optimization[O0] FAILED
tests/performance/cpu/test_algorithms.py::test_loop_optimization[O1] FAILED
tests/performance/cpu/test_algorithms.py::test_loop_optimization[O2] FAILED
tests/performance/cpu/test_algorithms.py::test_loop_optimization[O3] FAILED
tests/performance/cpu/test_algorithms.py::test_numerical_stability[matrix_size0] FAILED
tests/performance/cpu/test_algorithms.py::test_numerical_stability[matrix_size1] FAILED
tests/performance/cpu/test_algorithms.py::test_optimization_overhead FAILED
tests/performance/cpu/test_memory.py::test_memory_pool_efficiency[32-1024] FAILED
tests/performance/cpu/test_memory.py::test_memory_pool_efficiency[32-4096] FAILED
tests/performance/cpu/test_memory.py::test_memory_pool_efficiency[128-1024] FAILED
tests/performance/cpu/test_memory.py::test_memory_pool_efficiency[128-4096] FAILED
tests/performance/cpu/test_memory.py::test_allocation_pattern_impact[1024-sequential] PASSED
tests/performance/cpu/test_memory.py::test_allocation_pattern_impact[1024-random] PASSED
tests/performance/cpu/test_memory.py::test_allocation_pattern_impact[1024-interleaved] PASSED
tests/performance/cpu/test_memory.py::test_allocation_pattern_impact[4096-sequential] PASSED
tests/performance/cpu/test_memory.py::test_allocation_pattern_impact[4096-random] PASSED
tests/performance/cpu/test_memory.py::test_allocation_pattern_impact[4096-interleaved] PASSED
tests/performance/cpu/test_memory.py::test_cache_utilization[32] PASSED
tests/performance/cpu/test_memory.py::test_cache_utilization[256] PASSED
tests/performance/cpu/test_memory.py::test_memory_bandwidth PASSED
tests/performance/cpu/test_memory.py::test_resource_cleanup FAILED
tests/performance/cpu/test_memory_management.py::test_memory_allocation_deallocation PASSED
tests/performance/cpu/test_memory_management.py::test_memory_fragmentation PASSED
tests/performance/cpu/test_memory_management.py::test_memory_efficient_operations PASSED
tests/performance/cpu/test_memory_management.py::test_memory_peak_tracking PASSED
tests/performance/cpu/test_memory_management.py::test_memory_optimization_strategies PASSED
tests/performance/cpu/test_memory_management.py::test_memory_scaling[size0] PASSED
tests/performance/cpu/test_memory_management.py::test_memory_scaling[size1] PASSED
tests/performance/cpu/test_memory_management.py::test_memory_scaling[size2] PASSED
tests/performance/cpu/test_vectorization.py::test_attention_vectorization_performance[32-32] Attention Performance (batch=32, dim=32):
  Execution time: 0.00ms
  Memory usage: 0.38MB
  Vectorization efficiency: 100.00%
PASSED
tests/performance/cpu/test_vectorization.py::test_attention_vectorization_performance[32-128] Attention Performance (batch=128, dim=32):
  Execution time: 0.00ms
  Memory usage: 1.50MB
  Vectorization efficiency: 100.00%
PASSED
tests/performance/cpu/test_vectorization.py::test_attention_vectorization_performance[64-32] Attention Performance (batch=32, dim=64):
  Execution time: 0.01ms
  Memory usage: 1.50MB
  Vectorization efficiency: 100.00%
PASSED
tests/performance/cpu/test_vectorization.py::test_attention_vectorization_performance[64-128] Attention Performance (batch=128, dim=64):
  Execution time: 0.01ms
  Memory usage: 6.00MB
  Vectorization efficiency: 100.00%
PASSED
tests/performance/cpu/test_vectorization.py::test_pattern_dynamics_vectorization[32-32] Pattern Dynamics (batch=32, seq_len=32):
  Execution time: 0.00ms
  Memory usage: 0.13MB
  Vectorization efficiency: 100.00%
PASSED
tests/performance/cpu/test_vectorization.py::test_pattern_dynamics_vectorization[32-128] Pattern Dynamics (batch=128, seq_len=32):
  Execution time: 0.00ms
  Memory usage: 0.52MB
  Vectorization efficiency: 100.00%
PASSED
tests/performance/cpu/test_vectorization.py::test_pattern_dynamics_vectorization[64-32] Pattern Dynamics (batch=32, seq_len=64):
  Execution time: 0.00ms
  Memory usage: 0.51MB
  Vectorization efficiency: 100.00%
PASSED
tests/performance/cpu/test_vectorization.py::test_pattern_dynamics_vectorization[64-128] Pattern Dynamics (batch=128, seq_len=64):
  Execution time: 0.01ms
  Memory usage: 2.03MB
  Vectorization efficiency: 100.00%
PASSED
tests/performance/cpu/test_vectorization.py::test_geometric_flow_vectorization[32-32] Geometric Flow (batch=32, dim=32):
  Execution time: 0.01ms
  Memory usage: 4.12MB
  Vectorization efficiency: 100.00%
PASSED
tests/performance/cpu/test_vectorization.py::test_geometric_flow_vectorization[32-128] Geometric Flow (batch=128, dim=32):
  Execution time: 0.06ms
  Memory usage: 16.50MB
  Vectorization efficiency: 100.00%
PASSED
tests/performance/cpu/test_vectorization.py::test_geometric_flow_vectorization[64-32] Geometric Flow (batch=32, dim=64):
  Execution time: 0.11ms
  Memory usage: 32.50MB
  Vectorization efficiency: 100.00%
PASSED
tests/performance/cpu/test_vectorization.py::test_geometric_flow_vectorization[64-128] Geometric Flow (batch=128, dim=64):
  Execution time: 0.28ms
  Memory usage: 130.00MB
  Vectorization efficiency: 100.00%
PASSED
tests/performance/cpu/test_vectorization.py::test_chunk_size_impact[32] Chunk Size Impact (size=32):
  Execution time: 13.54ms
  Memory usage: 3.00MB
  Vectorization efficiency: 100.00%
PASSED
tests/performance/cpu/test_vectorization.py::test_chunk_size_impact[64] Chunk Size Impact (size=64):
  Execution time: 1.56ms
  Memory usage: 3.00MB
  Vectorization efficiency: 100.00%
PASSED
tests/performance/cpu/test_vectorization.py::test_memory_layout_optimization Memory Layout Optimization Results:
  Contiguous tensors:
    Execution time: 0.01ms
    Memory usage: 3.00MB
    Vectorization efficiency: 100.00%
  Non-contiguous tensors:
    Execution time: 0.01ms
    Memory usage: 3.00MB
    Vectorization efficiency: 100.00%
PASSED
tests/performance/vulkan/gpu/test_memory_management.py::test_tensor_allocation ERROR
tests/performance/vulkan/gpu/test_memory_management.py::test_data_transfer ERROR
tests/performance/vulkan/gpu/test_memory_management.py::test_memory_tracking ERROR
tests/performance/vulkan/gpu/test_memory_management.py::test_error_handling ERROR
tests/performance/vulkan/gpu/test_memory_management.py::test_buffer_pool_cleanup ERROR
tests/performance/vulkan/test_compute.py::test_shader_compilation[matrix_size0-pattern] ERROR
tests/performance/vulkan/test_compute.py::test_shader_compilation[matrix_size0-flow] ERROR
tests/performance/vulkan/test_compute.py::test_shader_compilation[matrix_size0-attention] ERROR
tests/performance/vulkan/test_compute.py::test_shader_compilation[matrix_size1-pattern] ERROR
tests/performance/vulkan/test_compute.py::test_shader_compilation[matrix_size1-flow] ERROR
tests/performance/vulkan/test_compute.py::test_shader_compilation[matrix_size1-attention] ERROR
tests/performance/vulkan/test_compute.py::test_shader_compilation[matrix_size2-pattern] ERROR
tests/performance/vulkan/test_compute.py::test_shader_compilation[matrix_size2-flow] ERROR
tests/performance/vulkan/test_compute.py::test_shader_compilation[matrix_size2-attention] ERROR
tests/performance/vulkan/test_compute.py::test_workgroup_optimization[matrix_size0-workgroup_size0] ERROR
tests/performance/vulkan/test_compute.py::test_workgroup_optimization[matrix_size0-workgroup_size1] ERROR
tests/performance/vulkan/test_compute.py::test_workgroup_optimization[matrix_size0-workgroup_size2] ERROR
tests/performance/vulkan/test_compute.py::test_workgroup_optimization[matrix_size1-workgroup_size0] ERROR
tests/performance/vulkan/test_compute.py::test_workgroup_optimization[matrix_size1-workgroup_size1] ERROR
tests/performance/vulkan/test_compute.py::test_workgroup_optimization[matrix_size1-workgroup_size2] ERROR
tests/performance/vulkan/test_compute.py::test_workgroup_optimization[matrix_size2-workgroup_size0] ERROR
tests/performance/vulkan/test_compute.py::test_workgroup_optimization[matrix_size2-workgroup_size1] ERROR
tests/performance/vulkan/test_compute.py::test_workgroup_optimization[matrix_size2-workgroup_size2] ERROR
tests/performance/vulkan/test_compute.py::test_memory_transfer[matrix_size0-1] ERROR
tests/performance/vulkan/test_compute.py::test_memory_transfer[matrix_size0-8] ERROR
tests/performance/vulkan/test_compute.py::test_memory_transfer[matrix_size0-32] ERROR
tests/performance/vulkan/test_compute.py::test_memory_transfer[matrix_size1-1] ERROR
tests/performance/vulkan/test_compute.py::test_memory_transfer[matrix_size1-8] ERROR
tests/performance/vulkan/test_compute.py::test_memory_transfer[matrix_size1-32] ERROR
tests/performance/vulkan/test_compute.py::test_memory_transfer[matrix_size2-1] ERROR
tests/performance/vulkan/test_compute.py::test_memory_transfer[matrix_size2-8] ERROR
tests/performance/vulkan/test_compute.py::test_memory_transfer[matrix_size2-32] ERROR
tests/performance/vulkan/test_compute.py::test_resource_management[pattern] ERROR
tests/performance/vulkan/test_compute.py::test_resource_management[flow] ERROR
tests/performance/vulkan/test_compute.py::test_resource_management[attention] ERROR
tests/performance/vulkan/test_compute.py::test_descriptor_set_optimization ERROR
tests/performance/vulkan/test_shaders.py::TestVulkanShaders::test_pattern_evolution_performance ERROR
tests/performance/vulkan/test_shaders.py::TestVulkanShaders::test_flow_computation_performance ERROR
tests/performance/vulkan/test_shaders.py::TestVulkanShaders::test_workgroup_impact ERROR
tests/performance/vulkan/test_shaders.py::TestVulkanShaders::test_push_constant_performance ERROR
tests/performance/vulkan/test_shaders.py::TestVulkanShaders::test_batch_processing_efficiency ERROR
tests/performance/vulkan/test_sync.py::TestVulkanSync::test_fence_performance ERROR
tests/performance/vulkan/test_sync.py::TestVulkanSync::test_fence_performance ERROR
tests/performance/vulkan/test_sync.py::TestVulkanSync::test_semaphore_performance ERROR
tests/performance/vulkan/test_sync.py::TestVulkanSync::test_semaphore_performance ERROR
tests/performance/vulkan/test_sync.py::TestVulkanSync::test_event_performance ERROR
tests/performance/vulkan/test_sync.py::TestVulkanSync::test_event_performance ERROR
tests/performance/vulkan/test_sync.py::TestVulkanSync::test_barrier_overhead ERROR
tests/performance/vulkan/test_sync.py::TestVulkanSync::test_barrier_overhead ERROR
tests/performance/vulkan/test_sync.py::TestVulkanSync::test_queue_sync ERROR
tests/performance/vulkan/test_sync.py::TestVulkanSync::test_queue_sync ERROR
tests/test_core/test_crystal/test_refraction.py::test_placeholder PASSED
tests/test_core/test_crystal/test_scale.py::TestScaleCohomology::test_scale_connection FAILED
tests/test_core/test_crystal/test_scale.py::TestScaleCohomology::test_renormalization_flow FAILED
tests/test_core/test_crystal/test_scale.py::TestScaleCohomology::test_fixed_points FAILED
tests/test_core/test_crystal/test_scale.py::TestScaleCohomology::test_anomaly_polynomial FAILED
tests/test_core/test_crystal/test_scale.py::TestScaleCohomology::test_scale_invariants FAILED
tests/test_core/test_crystal/test_scale.py::TestScaleCohomology::test_callan_symanzik FAILED
tests/test_core/test_crystal/test_scale.py::TestScaleCohomology::test_operator_expansion FAILED
tests/test_core/test_crystal/test_scale.py::TestScaleCohomology::test_conformal_symmetry FAILED
tests/test_core/test_crystal/test_scale.py::TestScaleCohomology::test_holographic_scaling FAILED
tests/test_core/test_crystal/test_scale.py::TestScaleCohomology::test_entanglement_scaling FAILED
tests/test_core/test_patterns/test_cohomology.py::test_arithmetic_form_creation PASSED
tests/test_core/test_patterns/test_cohomology.py::test_height_computation PASSED
tests/test_core/test_patterns/test_cohomology.py::test_cohomology_class_computation PASSED
tests/test_core/test_patterns/test_cohomology.py::test_curvature_to_cohomology PASSED
tests/test_core/test_patterns/test_cohomology.py::test_height_theory_integration PASSED
tests/test_core/test_patterns/test_cohomology.py::test_boundary_cases PASSED
tests/test_core/test_patterns/test_fiber_bundle.py::TestFiberBundleProtocol::test_bundle_projection[base_bundle] PASSED
tests/test_core/test_patterns/test_fiber_bundle.py::TestFiberBundleProtocol::test_bundle_projection[pattern_bundle] PASSED
tests/test_core/test_patterns/test_fiber_bundle.py::TestFiberBundleProtocol::test_local_trivialization[base_bundle] PASSED
tests/test_core/test_patterns/test_fiber_bundle.py::TestFiberBundleProtocol::test_local_trivialization[pattern_bundle] PASSED
tests/test_core/test_patterns/test_fiber_bundle.py::TestFiberBundleProtocol::test_transition_functions[base_bundle] PASSED
tests/test_core/test_patterns/test_fiber_bundle.py::TestFiberBundleProtocol::test_transition_functions[pattern_bundle] PASSED
tests/test_core/test_patterns/test_fiber_bundle.py::TestFiberBundleProtocol::test_connection_form[base_bundle] PASSED
tests/test_core/test_patterns/test_fiber_bundle.py::TestFiberBundleProtocol::test_connection_form[pattern_bundle] PASSED
tests/test_core/test_patterns/test_fiber_bundle.py::TestFiberBundleProtocol::test_parallel_transport[base_bundle] PASSED
tests/test_core/test_patterns/test_fiber_bundle.py::TestFiberBundleProtocol::test_parallel_transport[pattern_bundle] PASSED
tests/test_core/test_patterns/test_fiber_bundle.py::TestBaseFiberBundle::test_holonomy_computation PASSED
tests/test_core/test_patterns/test_fiber_bundle.py::TestBaseFiberBundle::test_holonomy_algebra PASSED
tests/test_core/test_patterns/test_fiber_bundle.py::TestPatternFiberBundle::test_device_handling PASSED
tests/test_core/test_patterns/test_fiber_bundle.py::TestPatternFiberBundle::test_parameter_gradients PASSED
tests/test_core/test_patterns/test_fiber_bundle.py::TestPatternFiberBundle::test_batch_operations PASSED
tests/test_core/test_patterns/test_fiber_bundle.py::TestPatternFiberBundle::test_connection_form_components PASSED
tests/test_core/test_patterns/test_fiber_bundle.py::TestPatternFiberBundle::test_parallel_transport_components PASSED
tests/test_core/test_patterns/test_fiber_bundle.py::TestPatternFiberBundle::test_holonomy_properties PASSED
tests/test_core/test_patterns/test_fiber_bundle.py::TestPatternFiberBundle::TestConnectionFormProperties::test_base_direction_independence PASSED
tests/test_core/test_patterns/test_fiber_bundle.py::TestPatternFiberBundle::TestConnectionFormProperties::test_levi_civita_symmetry PASSED
tests/test_core/test_patterns/test_fiber_bundle.py::TestPatternFiberBundle::TestConnectionFormProperties::test_fiber_skew_symmetry_preservation PASSED
tests/test_core/test_patterns/test_fiber_bundle.py::TestPatternFiberBundle::test_connection_vertical_preservation ERROR
tests/test_core/test_patterns/test_fiber_bundle.py::TestPatternFiberBundle::test_connection_horizontal_projection ERROR
tests/test_core/test_patterns/test_fiber_bundle.py::TestPatternFiberBundle::test_connection_levi_civita_compatibility ERROR
tests/test_core/test_patterns/test_fiber_bundle.py::TestConnectionFormHypothesis::test_vertical_preservation_property PASSED
tests/test_core/test_patterns/test_fiber_bundle.py::TestConnectionFormHypothesis::test_horizontal_skew_symmetry_property PASSED
tests/test_core/test_patterns/test_fiber_bundle.py::TestConnectionFormHypothesis::test_linearity_property FAILED
tests/test_core/test_patterns/test_fiber_bundle.py::TestConnectionFormHypothesis::test_levi_civita_symmetry_property FAILED
tests/test_core/test_patterns/test_fiber_bundle.py::TestConnectionFormHypothesis::test_metric_compatibility_property PASSED
tests/test_core/test_patterns/test_fiber_bundle.py::TestConnectionFormValidation::test_connection_form_validation[base_bundle] PASSED
tests/test_core/test_patterns/test_fiber_bundle.py::TestConnectionFormValidation::test_connection_form_validation[pattern_bundle] PASSED
tests/test_core/test_patterns/test_fiber_bundle.py::TestGeometricComponents::test_metric_derivatives 
Initial metric:
tensor([[ 1.0000,  0.0000,  0.0000,  0.0000,  0.0000],
        [ 0.0000,  1.0000,  0.0000,  0.0000,  0.0000],
        [ 0.0000,  0.0000,  2.2921,  3.4032,  0.5606],
        [ 0.0000,  0.0000,  3.4032,  8.7199, -0.0236],
        [ 0.0000,  0.0000,  0.5606, -0.0236,  0.5526]],
       grad_fn=<SelectBackward0>)

Derivatives for i=0:
Original:
tensor([[0., 0., 0., 0., 0.],
        [0., 0., 0., 0., 0.],
        [0., 0., 0., 0., 0.],
        [0., 0., 0., 0., 0.],
        [0., 0., 0., 0., 0.]], grad_fn=<SelectBackward0>)
Transposed:
tensor([[0., 0., 0., 0., 0.],
        [0., 0., 0., 0., 0.],
        [0., 0., 0., 0., 0.],
        [0., 0., 0., 0., 0.],
        [0., 0., 0., 0., 0.]], grad_fn=<TransposeBackward0>)
Difference:
tensor([[0., 0., 0., 0., 0.],
        [0., 0., 0., 0., 0.],
        [0., 0., 0., 0., 0.],
        [0., 0., 0., 0., 0.],
        [0., 0., 0., 0., 0.]], grad_fn=<SubBackward0>)

Derivatives for i=1:
Original:
tensor([[0., 0., 0., 0., 0.],
        [0., 0., 0., 0., 0.],
        [0., 0., 0., 0., 0.],
        [0., 0., 0., 0., 0.],
        [0., 0., 0., 0., 0.]], grad_fn=<SelectBackward0>)
Transposed:
tensor([[0., 0., 0., 0., 0.],
        [0., 0., 0., 0., 0.],
        [0., 0., 0., 0., 0.],
        [0., 0., 0., 0., 0.],
        [0., 0., 0., 0., 0.]], grad_fn=<TransposeBackward0>)
Difference:
tensor([[0., 0., 0., 0., 0.],
        [0., 0., 0., 0., 0.],
        [0., 0., 0., 0., 0.],
        [0., 0., 0., 0., 0.],
        [0., 0., 0., 0., 0.]], grad_fn=<SubBackward0>)

Derivatives for i=2:
Original:
tensor([[ 0.0000,  0.0000,  0.0000,  0.0000,  0.0000],
        [ 0.0000,  0.0000,  0.0000,  0.0000,  0.0000],
        [ 0.0000,  0.0000, -0.1667,  0.0000,  0.0000],
        [ 0.0000,  0.0000,  0.1755, -0.0833,  0.0000],
        [ 0.0000,  0.0000,  0.0188,  0.0000, -0.0833]],
       grad_fn=<SelectBackward0>)
Transposed:
tensor([[ 0.0000,  0.0000,  0.0000,  0.0000,  0.0000],
        [ 0.0000,  0.0000,  0.0000,  0.0000,  0.0000],
        [ 0.0000,  0.0000, -0.1667,  0.1755,  0.0188],
        [ 0.0000,  0.0000,  0.0000, -0.0833,  0.0000],
        [ 0.0000,  0.0000,  0.0000,  0.0000, -0.0833]],
       grad_fn=<TransposeBackward0>)
Difference:
tensor([[ 0.0000,  0.0000,  0.0000,  0.0000,  0.0000],
        [ 0.0000,  0.0000,  0.0000,  0.0000,  0.0000],
        [ 0.0000,  0.0000,  0.0000, -0.1755, -0.0188],
        [ 0.0000,  0.0000,  0.1755,  0.0000,  0.0000],
        [ 0.0000,  0.0000,  0.0188,  0.0000,  0.0000]], grad_fn=<SubBackward0>)
FAILED
tests/test_core/test_patterns/test_riemannian.py::test_metric_properties PASSED
tests/test_core/test_patterns/test_riemannian.py::test_christoffel_properties FAILED
tests/test_core/test_patterns/test_riemannian.py::test_parallel_transport FAILED
tests/test_core/test_patterns/test_riemannian.py::test_curvature_identities FAILED
tests/test_core/test_patterns/test_riemannian.py::test_geodesic_equation FAILED
tests/test_core/test_patterns/test_riemannian.py::test_sectional_curvature FAILED
tests/test_core/test_patterns/test_riemannian.py::test_lie_derivative FAILED
tests/test_core/test_quantum/test_path_integral.py::test_placeholder PASSED
tests/test_core/test_quantum/test_state_space.py::TestHilbertSpace::test_state_preparation PASSED
tests/test_core/test_quantum/test_state_space.py::TestHilbertSpace::test_state_evolution PASSED
tests/test_core/test_quantum/test_state_space.py::TestHilbertSpace::test_measurement PASSED
tests/test_core/test_quantum/test_state_space.py::TestHilbertSpace::test_entropy_computation PASSED
tests/test_core/test_quantum/test_state_space.py::TestHilbertSpace::test_geometric_structure PASSED
tests/test_core/test_quantum/test_state_space.py::TestHilbertSpace::test_entanglement PASSED
tests/test_core/test_quantum/test_state_space.py::TestHilbertSpace::test_quantum_channels PASSED
tests/test_core/test_quantum/test_state_space.py::TestHilbertSpace::test_state_tomography FAILED
tests/test_core/test_quantum/test_state_space.py::TestHilbertSpace::test_decoherence PASSED
tests/test_core/test_quantum/test_state_space.py::TestHilbertSpace::test_geometric_phase 
Berry phase: 0.0
Expected phase: 3.141592653589793
Relative error: 1.0
FAILED
tests/test_core/test_quantum/test_state_space.py::TestHilbertSpace::test_advanced_entanglement PASSED
tests/test_infrastructure/test_infrastructure.py::TestInfrastructure::test_cpu_optimization PASSED
tests/test_infrastructure/test_infrastructure.py::TestInfrastructure::test_memory_management PASSED
tests/test_infrastructure/test_infrastructure.py::TestInfrastructure::test_vulkan_integration FAILED
tests/test_infrastructure/test_infrastructure.py::TestInfrastructure::test_parallel_processing PASSED
tests/test_infrastructure/test_infrastructure.py::TestInfrastructure::test_resource_allocation FAILED
tests/test_infrastructure/test_infrastructure.py::TestInfrastructure::test_infrastructure_integration FAILED
tests/test_integration/test_cross_validation.py::TestCrossValidation::test_pattern_quantum_interaction FAILED
tests/test_integration/test_cross_validation.py::TestCrossValidation::test_geometric_pattern_coupling Warning: Error checking curvature for layer input: 'ModelGeometry' object has no attribute 'sectional_curvature'
Warning: Error checking curvature for layer hidden: 'ModelGeometry' object has no attribute 'sectional_curvature'
Warning: Error checking curvature for layer output: 'ModelGeometry' object has no attribute 'sectional_curvature'
Warning: Error checking curvature for layer input: 'ModelGeometry' object has no attribute 'sectional_curvature'
Warning: Error checking curvature for layer input: 'ModelGeometry' object has no attribute 'sectional_curvature'
Warning: Error checking global energy: 'ModelGeometry' object has no attribute 'metric'
FAILED
tests/test_integration/test_cross_validation.py::TestCrossValidation::test_infrastructure_framework FAILED
tests/test_integration/test_cross_validation.py::TestCrossValidation::test_end_to_end_validation FAILED
tests/test_integration/test_cross_validation.py::TestCrossValidation::test_validation_stability FAILED
tests/test_memory/test_memory_management.py::test_tensor_lifecycle PASSED
tests/test_memory/test_memory_management.py::test_operation_cleanup PASSED
tests/test_memory/test_memory_management.py::test_hyperbolic_operations PASSED
tests/test_memory/test_memory_management.py::test_nested_operations PASSED
tests/test_memory/test_memory_management.py::test_memory_stress PASSED
tests/test_neural/test_attention/test_exponential.py::test_exponential_map FAILED
tests/test_neural/test_attention/test_exponential.py::test_exponential_map_properties 
Initial point x: tensor([1.1180, 0.5000, 0.0000])
x on hyperboloid: -1.0
Projected v: tensor([0.0056, 0.0125, 0.0100])
v in tangent space: 0.0

v1 norm: 0.014999998733401299
v2 norm: 0.029999997466802597

result1: tensor([1.1238, 0.5126, 0.0100])
result2: tensor([1.1297, 0.5252, 0.0200])

inner1: 1.000112533569336
inner2: 1.0004500150680542
dist1: 0.015002097003161907
dist2: 0.029999377205967903
2*dist1: 0.030004194006323814
diff: 4.816800355911255e-06
PASSED
tests/test_neural/test_attention/test_geometric.py::TestGeometricStructures::test_metric_initialization 
[Before config load]

[After config load]

[Before creating geometric structures]

[After creating geometric structures]

[Start metric test]

Metric tensor shape: torch.Size([16, 16])
Metric tensor dtype: torch.float32

[End metric test]
PASSED
tests/test_neural/test_attention/test_geometric.py::TestGeometricStructures::test_connection_initialization 
[Before creating geometric structures]

[After creating geometric structures]

[Start connection test]

Connection tensor shape: torch.Size([16, 16, 16])
Connection tensor dtype: torch.float32

[End connection test]
PASSED
tests/test_neural/test_attention/test_geometric.py::TestGeometricStructures::test_curvature_tensor 
[Before creating geometric structures]

[After creating geometric structures]

[Start curvature test]

Initial metric shape: torch.Size([16, 16])

[End curvature test]
PASSED
tests/test_neural/test_attention/test_geometric.py::TestGeometricStructures::test_sectional_curvature 
[Before creating geometric structures]

[After creating geometric structures]

[Start sectional test]

[End sectional test]
PASSED
tests/test_neural/test_attention/test_geometric.py::TestGeometricStructures::test_geodesic_distance 
[Before creating geometric structures]

[After creating geometric structures]

[Start geodesic test]

[End geodesic test]
PASSED
tests/test_neural/test_attention/test_geometric.py::TestHyperbolicOperations::test_hyperbolic_distance_formula 
[Start hyperbolic distance test]

[End hyperbolic distance test]
PASSED
tests/test_neural/test_attention/test_geometric.py::TestHyperbolicOperations::test_exp_map_properties 
[Start exp map test]

[End exp map test]
PASSED
tests/test_neural/test_attention/test_geometric.py::TestHyperbolicOperations::test_log_map_properties 
[Start log map test]
Distance: 0.029120, Vector norm: 0.029120, Diff: 0.000000
Orthogonality: -0.000000

[End log map test]
PASSED
tests/test_neural/test_attention/test_geometric.py::TestHyperbolicOperations::test_exp_log_inverse 
[Start exp-log inverse test]

Testing with scale 0.001:
Base point x: tensor([ 1.0253, -0.0473, -0.0598,  0.2132])
Initial vector v: tensor([ 8.7439e-05,  1.7649e-04, -7.1470e-05,  4.3958e-04])
Exp map result y: tensor([ 1.0254, -0.0471, -0.0599,  0.2137])
Recovered vector v: tensor([ 8.9126e-05,  1.7988e-04, -7.2849e-05,  4.4806e-04])
Difference: 9.389864317199681e-06

Testing with scale 0.01:
Base point x: tensor([ 1.0262, -0.0860,  0.2135, -0.0117])
Initial vector v: tensor([-0.0022,  0.0027, -0.0087,  0.0148])
Exp map result y: tensor([ 1.0242, -0.0833,  0.2049,  0.0030])
Recovered vector v: tensor([-0.0022,  0.0027, -0.0086,  0.0146])
Difference: 0.00014150100469123572

[End exp-log inverse test]
PASSED
tests/test_neural/test_attention/test_geometric.py::TestHyperbolicOperations::test_exp_log_consistency 
[Start exp-log consistency test]

Testing with norm 0.001:
Base point x: tensor([ 1.0103, -0.1069, -0.0743, -0.0616])
Initial vector v: tensor([ 2.7094e-08, -5.2619e-04,  8.4378e-04, -1.0563e-04])
Exp map result y: tensor([ 1.0103, -0.1074, -0.0735, -0.0618])
Recovered vector v: tensor([ 2.3403e-08, -4.4502e-04,  7.1361e-04, -8.9336e-05])
Original norm: 0.0010000000474974513
Recovered norm: 0.0008457278599962592
Difference: 0.0001542721875011921

Testing with norm 0.01:
Base point x: tensor([ 1.0216, -0.1866, -0.0805, -0.0493])
Initial vector v: tensor([-0.0003,  0.0027,  0.0031, -0.0091])
Exp map result y: tensor([ 1.0214, -0.1839, -0.0774, -0.0584])
Recovered vector v: tensor([-0.0003,  0.0027,  0.0031, -0.0091])
Original norm: 0.009999998845160007
Recovered norm: 0.009994826279580593
Difference: 5.172565579414368e-06

[End exp-log consistency test]
PASSED
tests/test_neural/test_attention/test_geometric.py::TestEuclideanOperations::test_exp_log_inverse 
[Start Euclidean exp-log test]

[End Euclidean exp-log test]
PASSED
tests/test_neural/test_attention/test_geometric.py::TestEuclideanOperations::test_exp_zero_vector 
[Start Euclidean zero vector test]

[End Euclidean zero vector test]
PASSED
tests/test_neural/test_attention/test_geometric.py::TestEuclideanOperations::test_log_same_point 
[Start Euclidean same point test]

[End Euclidean same point test]
PASSED
tests/test_neural/test_attention/test_geometric.py::TestParallelTransport::test_schild_ladder 
[Start Schild test]

[End Schild test]
PASSED
tests/test_neural/test_attention/test_geometric.py::TestParallelTransport::test_pole_ladder 
[Start pole test]

[End pole test]
PASSED
tests/test_neural/test_attention/test_geometric.py::TestParallelTransport::test_transport_zero_vector 
[Start zero vector transport test]

[End zero vector transport test]
PASSED
tests/test_neural/test_attention/test_geometric.py::TestParallelTransport::test_transport_same_point 
[Start same point transport test]

[End same point transport test]
PASSED
tests/test_neural/test_attention/test_hyperboloid.py::test_project_to_hyperboloid PASSED
tests/test_neural/test_attention/test_hyperboloid.py::test_hyperboloid_projection_properties PASSED
tests/test_neural/test_attention/test_logarithm.py::test_logarithm_map FAILED
tests/test_neural/test_attention/test_logarithm.py::test_logarithm_map_properties FAILED
tests/test_neural/test_attention/test_logarithm.py::test_exp_log_inverse FAILED
tests/test_neural/test_attention/test_minkowski.py::test_minkowski_inner_product PASSED
tests/test_neural/test_attention/test_minkowski.py::test_minkowski_inner_properties PASSED
tests/test_neural/test_attention/test_minkowski.py::test_minkowski_inner_fundamental_properties PASSED
tests/test_neural/test_attention/test_minkowski.py::test_advanced_minkowski_properties FAILED
tests/test_neural/test_attention/test_pattern/test_bifurcation.py::test_bifurcation_analysis FAILED
tests/test_neural/test_attention/test_pattern/test_bifurcation.py::test_bifurcation_detection_threshold FAILED
tests/test_neural/test_attention/test_pattern/test_bifurcation.py::test_stability_regions PASSED
tests/test_neural/test_attention/test_pattern/test_bifurcation.py::test_solution_branches FAILED
tests/test_neural/test_attention/test_pattern/test_bifurcation.py::test_stability_computation ERROR
tests/test_neural/test_attention/test_pattern/test_bifurcation.py::test_state_evolution ERROR
tests/test_neural/test_attention/test_pattern/test_bifurcation.py::test_bifurcation_detection_components ERROR
tests/test_neural/test_attention/test_pattern/test_bifurcation.py::test_convergence_at_bifurcation ERROR
tests/test_neural/test_attention/test_pattern/test_control.py::test_pattern_control FAILED
tests/test_neural/test_attention/test_pattern/test_control.py::test_spatiotemporal_evolution FAILED
tests/test_neural/test_attention/test_pattern/test_diffusion_properties.py::test_mass_conservation PASSED
tests/test_neural/test_attention/test_pattern/test_diffusion_properties.py::test_positivity_preservation PASSED
tests/test_neural/test_attention/test_pattern/test_diffusion_properties.py::test_maximum_principle PASSED
tests/test_neural/test_attention/test_pattern/test_diffusion_properties.py::test_symmetry_preservation PASSED
tests/test_neural/test_attention/test_pattern/test_diffusion_properties.py::test_convergence_to_steady_state FAILED
tests/test_neural/test_attention/test_pattern/test_quantum.py::TestQuantumPatterns::test_quantum_state_conversion PASSED
tests/test_neural/test_attention/test_pattern/test_quantum.py::TestQuantumPatterns::test_quantum_evolution FAILED
tests/test_neural/test_attention/test_pattern/test_quantum.py::TestQuantumPatterns::test_quantum_geometric_tensor PASSED
tests/test_neural/test_attention/test_pattern/test_quantum.py::TestQuantumPatterns::test_berry_phase PASSED
tests/test_neural/test_attention/test_pattern/test_quantum.py::TestQuantumPatterns::test_quantum_potential FAILED
tests/test_neural/test_attention/test_pattern/test_quantum.py::TestQuantumPatterns::test_quantum_disabled PASSED
tests/test_neural/test_attention/test_pattern/test_quantum.py::TestQuantumPatterns::test_parallel_transport PASSED
tests/test_neural/test_attention/test_pattern/test_reaction_diffusion.py::test_reaction_diffusion FAILED
tests/test_neural/test_attention/test_pattern/test_stability.py::test_stability_analysis FAILED
tests/test_neural/test_attention/test_pattern_dynamics.py::TestPatternDynamics::test_stability_analysis_basic FAILED
tests/test_neural/test_attention/test_pattern_dynamics.py::TestPatternDynamics::test_stability_analysis_advanced FAILED
tests/test_neural/test_attention/test_pattern_dynamics.py::TestPatternDynamics::test_pattern_formation FAILED
tests/test_neural/test_attention/test_pattern_dynamics.py::TestPatternDynamics::test_forward_pass FAILED
tests/test_neural/test_attention/test_pattern_dynamics.py::TestPatternDynamics::test_pattern_control PASSED
tests/test_neural/test_attention/test_pattern_dynamics.py::TestPatternDynamics::test_lyapunov_spectrum PASSED
tests/test_neural/test_attention/test_pattern_dynamics.py::TestPatternDynamics::test_detect_pattern_formation PASSED
tests/test_neural/test_attention/test_pattern_dynamics.py::TestReactionDiffusion::test_reaction_term PASSED
tests/test_neural/test_attention/test_pattern_dynamics.py::TestReactionDiffusion::test_diffusion_term PASSED
tests/test_neural/test_attention/test_pattern_dynamics.py::TestReactionDiffusion::test_combined_dynamics PASSED
tests/test_neural/test_attention/test_pattern_dynamics.py::TestDiffusionProperties::test_diffusion_conservation PASSED
tests/test_neural/test_attention/test_pattern_dynamics.py::TestDiffusionProperties::test_diffusion_smoothing PASSED
tests/test_neural/test_attention/test_pattern_dynamics.py::TestDiffusionProperties::test_boundary_conditions PASSED
tests/test_neural/test_attention/test_quantum_geometric_attention.py::TestQuantumGeometricAttention::test_attention_state_preparation FAILED
tests/test_neural/test_attention/test_quantum_geometric_attention.py::TestQuantumGeometricAttention::test_attention_pattern_computation FAILED
tests/test_neural/test_attention/test_quantum_geometric_attention.py::TestQuantumGeometricAttention::test_geometric_attention_flow FAILED
tests/test_neural/test_attention/test_quantum_geometric_attention.py::TestQuantumGeometricAttention::test_quantum_classical_interface FAILED
tests/test_neural/test_attention/test_quantum_geometric_attention.py::TestQuantumGeometricAttention::test_multi_head_integration FAILED
tests/test_neural/test_attention/test_quantum_geometric_attention.py::TestQuantumGeometricAttention::test_geometric_phases FAILED
tests/test_neural/test_attention/test_quantum_geometric_attention.py::TestQuantumGeometricAttention::test_manifold_curvature FAILED
tests/test_neural/test_attention/test_quantum_geometric_attention.py::TestQuantumGeometricAttention::test_attention_entanglement FAILED
tests/test_neural/test_attention/test_quantum_geometric_attention.py::TestQuantumGeometricAttention::test_error_correction FAILED
tests/test_neural/test_attention/test_quantum_geometric_attention.py::TestQuantumGeometricAttention::test_topological_features FAILED
tests/test_neural/test_attention/test_quantum_geometric_attention.py::TestQuantumGeometricAttention::test_attention_patterns FAILED
tests/test_neural/test_attention/test_quantum_geometric_attention.py::TestQuantumGeometricAttention::test_geometric_structures FAILED
tests/test_neural/test_attention/test_quantum_geometric_attention.py::TestQuantumGeometricAttention::test_pattern_dynamics FAILED
tests/test_neural/test_attention/test_quantum_geometric_attention.py::TestQuantumGeometricAttention::test_controllability PASSED
tests/test_neural/test_flow/test_geometric_flow.py::TestGeometricFlow::test_metric_computation PASSED
tests/test_neural/test_flow/test_geometric_flow.py::TestGeometricFlow::test_ricci_tensor PASSED
tests/test_neural/test_flow/test_geometric_flow.py::TestGeometricFlow::test_flow_computation PASSED
tests/test_neural/test_flow/test_geometric_flow.py::TestGeometricFlow::test_flow_step PASSED
tests/test_neural/test_flow/test_geometric_flow.py::TestGeometricFlow::test_flow_normalization PASSED
tests/test_neural/test_flow/test_geometric_flow.py::TestGeometricFlow::test_singularity_detection PASSED
tests/test_neural/test_flow/test_geometric_flow.py::TestGeometricFlow::test_geometric_invariants FAILED
tests/test_neural/test_flow/test_geometric_flow.py::TestGeometricFlow::test_energy_conservation PASSED
tests/test_neural/test_flow/test_geometric_flow.py::TestGeometricFlow::test_flow_stability PASSED
tests/test_neural/test_flow/test_geometric_flow.py::TestGeometricFlow::test_flow_convergence FAILED
tests/test_neural/test_flow/test_geometric_flow.py::TestGeometricFlow::test_metric_conditioning PASSED
tests/test_neural/test_flow/test_geometric_flow.py::TestGeometricFlow::test_flow_magnitude PASSED
tests/test_neural/test_flow/test_geometric_flow.py::TestGeometricFlow::test_ricci_flow_stability PASSED
tests/test_neural/test_flow/test_geometric_flow.py::TestGeometricFlow::test_ricci_flow PASSED
tests/test_neural/test_flow/test_geometric_flow.py::TestGeometricFlow::test_mean_curvature_flow PASSED
tests/test_neural/test_flow/test_geometric_flow.py::TestGeometricFlow::test_singularity_analysis PASSED
tests/test_neural/test_flow/test_geometric_flow.py::TestFlowStability::test_metric_conditioning PASSED
tests/test_neural/test_flow/test_geometric_flow.py::TestFlowStability::test_flow_magnitude PASSED
tests/test_neural/test_flow/test_geometric_flow.py::TestFlowStability::test_volume_preservation PASSED
tests/test_neural/test_flow/test_geometric_flow.py::TestFlowStability::test_ricci_flow_stability PASSED
tests/test_neural/test_flow/test_hamiltonian.py::TestHamiltonianSystem::test_hamiltonian_computation FAILED
tests/test_neural/test_flow/test_hamiltonian.py::TestHamiltonianSystem::test_evolution FAILED
tests/test_neural/test_flow/test_hamiltonian.py::TestHamiltonianSystem::test_canonical_transformations FAILED
tests/test_neural/test_flow/test_hamiltonian.py::TestHamiltonianSystem::test_symplectic_integration FAILED
tests/test_neural/test_flow/test_tensor_shapes.py::TestTensorShapes::test_geometric_flow_shapes PASSED
tests/test_neural/test_flow/test_tensor_shapes.py::TestTensorShapes::test_hamiltonian_shapes PASSED
tests/test_neural/test_flow/test_tensor_shapes.py::TestTensorShapes::test_hamiltonian_evolution_shapes PASSED
tests/test_neural/test_flow/test_tensor_shapes.py::TestTensorShapes::test_validation_shapes FAILED
tests/test_neural/test_flow/test_tensor_shapes.py::TestTensorShapes::test_convergence_shapes FAILED
tests/test_neural/test_flow/test_tensor_shapes.py::TestTensorShapes::test_energy_validation_shapes PASSED
tests/test_utils/test_helpers.py::test_tensor_assertions FAILED
tests/test_utils/test_helpers.py::test_numerical_stability FAILED
tests/test_utils/test_helpers.py::test_performance_benchmark test_operation: 0.0001 seconds
FAILED
tests/test_utils/test_helpers.py::test_data_generator PASSED
tests/test_validation/test_debug_flow.py::TestStabilityValidation::test_validate_stability_return_type[is_valid] FAILED
tests/test_validation/test_debug_flow.py::TestStabilityValidation::test_validate_stability_return_type[message] FAILED
tests/test_validation/test_debug_flow.py::TestStabilityValidation::test_validate_stability_return_type[data] FAILED
tests/test_validation/test_debug_flow.py::TestStabilityValidation::test_stability_spectrum_computation FAILED
tests/test_validation/test_debug_flow.py::TestEnergyValidation::test_energy_computation[check0] FAILED
tests/test_validation/test_debug_flow.py::TestEnergyValidation::test_energy_computation[check1] FAILED
tests/test_validation/test_debug_flow.py::TestEnergyValidation::test_energy_computation[check2] FAILED
tests/test_validation/test_debug_flow.py::TestEnergyValidation::test_energy_conservation_validation FAILED
tests/test_validation/test_debug_flow.py::TestFlowProperties::test_flow_properties_construction FAILED
tests/test_validation/test_debug_flow.py::TestFlowProperties::test_flow_properties_with_energy FAILED
tests/test_validation/test_flow_validation.py::TestFlowValidation::test_energy_conservation FAILED
tests/test_validation/test_flow_validation.py::TestFlowValidation::test_flow_monotonicity FAILED
tests/test_validation/test_flow_validation.py::TestFlowValidation::test_long_time_existence FAILED
tests/test_validation/test_flow_validation.py::TestFlowValidation::test_singularity_detection FAILED
tests/test_validation/test_flow_validation.py::TestFlowValidation::test_validation_integration FAILED
tests/test_validation/test_framework.py::TestValidationFramework::test_geometric_validation FAILED
tests/test_validation/test_framework.py::TestValidationFramework::test_quantum_validation FAILED
tests/test_validation/test_framework.py::TestValidationFramework::test_pattern_validation FAILED
tests/test_validation/test_framework.py::TestValidationFramework::test_integrated_validation FAILED
tests/test_validation/test_framework.py::TestValidationFramework::test_error_handling FAILED
tests/test_validation/test_framework.py::TestValidationFramework::test_validation_metrics FAILED
tests/test_validation/test_framework.py::TestValidationFramework::test_full_integration FAILED
tests/test_validation/test_framework.py::TestValidationFramework::test_validate_all FAILED
tests/test_validation/test_framework_motivic.py::TestFrameworkMotivicIntegration::test_framework_with_motivic PASSED
tests/test_validation/test_framework_motivic.py::TestFrameworkMotivicIntegration::test_framework_merge PASSED
tests/test_validation/test_framework_motivic.py::TestFrameworkMotivicIntegration::test_framework_to_dict PASSED
tests/test_validation/test_framework_motivic.py::TestFrameworkMotivicIntegration::test_framework_from_dict PASSED
tests/test_validation/test_framework_motivic.py::TestFrameworkMotivicIntegration::test_framework_str_representation PASSED
tests/test_validation/test_framework_motivic.py::TestFrameworkMotivicIntegration::test_invalid_motivic_result PASSED
tests/test_validation/test_framework_motivic.py::TestFrameworkMotivicIntegration::test_framework_with_invalid_motivic PASSED
tests/test_validation/test_framework_motivic.py::TestFrameworkMotivicIntegration::test_framework_without_motivic PASSED
tests/test_validation/test_framework_motivic.py::TestFrameworkMotivicIntegration::test_partial_motivic_validation[True-True-False] PASSED
tests/test_validation/test_framework_motivic.py::TestFrameworkMotivicIntegration::test_partial_motivic_validation[True-False-True] PASSED
tests/test_validation/test_framework_motivic.py::TestFrameworkMotivicIntegration::test_partial_motivic_validation[False-True-True] PASSED
tests/test_validation/test_framework_motivic.py::TestFrameworkMotivicIntegration::test_partial_motivic_validation[False-False-False] PASSED
tests/test_validation/test_metric_validation.py::TestMetricValidation::test_positive_definite PASSED
tests/test_validation/test_metric_validation.py::TestMetricValidation::test_compatibility PASSED
tests/test_validation/test_metric_validation.py::TestMetricValidation::test_fisher_rao_metric FAILED
tests/test_validation/test_metric_validation.py::TestMetricValidation::test_curvature_validation FAILED
tests/test_validation/test_metric_validation.py::TestMetricValidation::test_metric_family_validation PASSED
tests/test_validation/test_metric_validation.py::TestMetricValidation::test_metric_properties FAILED
tests/test_validation/test_metric_validation.py::TestMetricValidation::test_error_handling PASSED
tests/test_validation/test_model_geometric.py::TestModelGeometricValidator::test_validate_layer_geometry FAILED
tests/test_validation/test_model_geometric.py::TestModelGeometricValidator::test_validate_attention_geometry 
Distance Statistics:
Query distances:
FAILED
tests/test_validation/test_model_geometric.py::TestModelGeometricValidator::test_geometric_preservation 
Base Metric Properties:
Shape: torch.Size([16, 16])
Symmetric: True
Eigenvalue range: [0.010000, 0.010000]

Attention Scores Properties:
Shape: torch.Size([16, 16])
Range: [0.061361, 0.064082]
Row sums: tensor([1.0000, 1.0000, 1.0000, 1.0000, 1.0000, 1.0000, 1.0000, 1.0000, 1.0000,
        1.0000, 1.0000, 1.0000, 1.0000, 1.0000, 1.0000, 1.0000],
       grad_fn=<SumBackward1>)


Distance Statistics:
Query distances:
  Range: [0.000000, 1.000000]
  Mean: 0.627569
  Std: 0.215219

Key distances:
  Range: [0.000000, 1.000000]
  Mean: 0.627569
  Std: 0.215219

Score distances:
  Range: [0.000000, 0.999687]
  Mean: 0.373608
  Std: 0.210234
FAILED
tests/test_validation/test_model_geometric.py::TestModelGeometricValidator::test_geometric_preservation_distances PASSED
tests/test_validation/test_motivic.py::TestHeightValidation::test_basic_height_properties PASSED
tests/test_validation/test_motivic.py::TestHeightValidation::test_strictly_increasing_heights PASSED
tests/test_validation/test_motivic.py::TestHeightValidation::test_height_edge_cases PASSED
tests/test_validation/test_motivic.py::TestHeightValidation::test_invalid_height_cases PASSED
tests/test_validation/test_motivic.py::TestDynamicsValidation::test_basic_dynamics_properties PASSED
tests/test_validation/test_motivic.py::TestDynamicsValidation::test_dynamics_consistency PASSED
tests/test_validation/test_motivic.py::TestDynamicsValidation::test_dynamics_edge_cases PASSED
tests/test_validation/test_motivic.py::TestDynamicsValidation::test_invalid_dynamics_cases PASSED
tests/test_validation/test_motivic.py::TestCohomologyValidation::test_basic_cohomology_properties PASSED
tests/test_validation/test_motivic.py::TestCohomologyValidation::test_curvature_bounds PASSED
tests/test_validation/test_motivic.py::TestCohomologyValidation::test_cohomology_edge_cases PASSED
tests/test_validation/test_motivic.py::TestCohomologyValidation::test_invalid_cohomology_cases PASSED
tests/test_validation/test_motivic.py::TestMotivicRiemannianValidator::test_full_validation PASSED
tests/test_validation/test_motivic.py::TestMotivicRiemannianValidator::test_validation_with_perturbation PASSED
tests/test_validation/test_motivic.py::TestMotivicRiemannianValidator::test_boundary_cases PASSED
tests/test_validation/test_motivic.py::TestMotivicRiemannianValidator::test_different_dimensions[2-3] PASSED
tests/test_validation/test_motivic.py::TestMotivicRiemannianValidator::test_different_dimensions[4-6] PASSED
tests/test_validation/test_motivic.py::TestMotivicRiemannianValidator::test_different_dimensions[5-8] PASSED
tests/test_validation/test_pattern_flow.py::test_pattern_creation PASSED
tests/test_validation/test_pattern_flow.py::test_complex_pattern PASSED
tests/test_validation/test_pattern_flow.py::test_complex_pattern_creation PASSED
tests/test_validation/test_pattern_flow.py::test_pattern_wavelength_scaling PASSED
tests/test_validation/test_pattern_flow.py::test_frequency_grid PASSED
tests/test_validation/test_pattern_flow.py::test_power_spectrum PASSED
tests/test_validation/test_pattern_flow.py::test_wavelength_computation PASSED
tests/test_validation/test_pattern_flow.py::test_wavelength_batch PASSED
tests/test_validation/test_pattern_flow.py::test_wavelength_noise PASSED
tests/test_validation/test_pattern_flow.py::test_wavelength_high_frequency PASSED
tests/test_validation/test_pattern_flow.py::test_wavelength_low_frequency PASSED
tests/test_validation/test_pattern_flow.py::test_wavelength_computation_diagnostic PASSED
tests/test_validation/test_pattern_flow.py::test_pattern_flow_stability FAILED
tests/test_validation/test_pattern_flow.py::test_pattern_flow_energy FAILED
tests/test_validation/test_pattern_flow.py::test_wavelength_diagnostic PASSED
tests/test_validation/test_pattern_formation.py::TestPatternFormation::test_pattern_emergence FAILED
tests/test_validation/test_pattern_formation.py::TestPatternFormation::test_spatial_organization FAILED
tests/test_validation/test_pattern_formation.py::TestPatternFormation::test_temporal_evolution PASSED
tests/test_validation/test_pattern_formation.py::TestPatternFormation::test_bifurcation_analysis PASSED
tests/test_validation/test_pattern_formation.py::TestPatternFormation::test_mode_decomposition PASSED
tests/test_validation/test_pattern_formation.py::TestPatternFormation::test_validation_integration FAILED
tests/test_validation/test_pattern_formation.py::TestPatternFormation::test_reaction_diffusion FAILED
tests/test_validation/test_pattern_formation.py::TestPatternFormation::test_symmetry_breaking FAILED
tests/test_validation/test_pattern_formation.py::TestPatternFormation::test_pattern_stability FAILED
tests/test_validation/test_pattern_stability.py::TestPatternStability::test_linear_stability FAILED
tests/test_validation/test_pattern_stability.py::TestPatternStability::test_nonlinear_stability FAILED
tests/test_validation/test_pattern_stability.py::TestPatternStability::test_perturbation_response FAILED
tests/test_validation/test_pattern_stability.py::TestPatternStability::test_lyapunov_analysis FAILED
tests/test_validation/test_pattern_stability.py::TestPatternStability::test_mode_stability FAILED
tests/test_validation/test_pattern_stability.py::TestPatternStability::test_stability_metrics FAILED
tests/test_validation/test_pattern_stability.py::TestPatternStability::test_validation_integration FAILED
tests/test_validation/test_pattern_stability.py::TestPatternStability::test_dynamical_system FAILED
tests/test_validation/test_pattern_stability.py::TestPatternStability::test_bifurcation_theory FAILED
tests/test_validation/test_pattern_stability.py::TestPatternStability::test_stability_analysis FAILED
tests/test_validation/test_state_validation.py::TestStateValidation::test_state_preparation FAILED
tests/test_validation/test_state_validation.py::TestStateValidation::test_density_matrix_properties FAILED
tests/test_validation/test_state_validation.py::TestStateValidation::test_state_tomography FAILED
tests/test_validation/test_state_validation.py::TestStateValidation::test_validation_integration FAILED

==================================== ERRORS ====================================
_________ ERROR at setup of TestVulkanBenchmarks.test_pool_efficiency __________

self = <test_vulkan.TestVulkanBenchmarks object at 0x705544129880>

    @pytest.fixture(autouse=True)
    def setup(self):
        """Setup test environment."""
        # Create instance
        app_info = vk.VkApplicationInfo(
            sType=vk.VK_STRUCTURE_TYPE_APPLICATION_INFO,
            pApplicationName=b"VulkanBenchmarks",
            applicationVersion=vk.VK_MAKE_VERSION(1, 0, 0),
            pEngineName=b"No Engine",
            engineVersion=vk.VK_MAKE_VERSION(1, 0, 0),
            apiVersion=vk.VK_API_VERSION_1_0
        )
    
        create_info = vk.VkInstanceCreateInfo(
            sType=vk.VK_STRUCTURE_TYPE_INSTANCE_CREATE_INFO,
            pApplicationInfo=app_info
        )
    
        self.instance = c_void_p()
>       result = vk.vkCreateInstance(byref(create_info), None, byref(self.instance))
E       TypeError: byref() argument must be a ctypes instance, not '_cffi_backend.__CDataOwn'

tests/performance/benchmarks/test_vulkan.py:40: TypeError
________ ERROR at teardown of TestVulkanBenchmarks.test_pool_efficiency ________

self = <test_vulkan.TestVulkanBenchmarks object at 0x705544129880>

    def teardown_method(self):
        """Cleanup after each test method."""
>       self.memory.cleanup()
E       AttributeError: 'TestVulkanBenchmarks' object has no attribute 'memory'

tests/performance/benchmarks/test_vulkan.py:193: AttributeError
________ ERROR at setup of TestVulkanBenchmarks.test_memory_operations _________

self = <test_vulkan.TestVulkanBenchmarks object at 0x705544129a60>

    @pytest.fixture(autouse=True)
    def setup(self):
        """Setup test environment."""
        # Create instance
        app_info = vk.VkApplicationInfo(
            sType=vk.VK_STRUCTURE_TYPE_APPLICATION_INFO,
            pApplicationName=b"VulkanBenchmarks",
            applicationVersion=vk.VK_MAKE_VERSION(1, 0, 0),
            pEngineName=b"No Engine",
            engineVersion=vk.VK_MAKE_VERSION(1, 0, 0),
            apiVersion=vk.VK_API_VERSION_1_0
        )
    
        create_info = vk.VkInstanceCreateInfo(
            sType=vk.VK_STRUCTURE_TYPE_INSTANCE_CREATE_INFO,
            pApplicationInfo=app_info
        )
    
        self.instance = c_void_p()
>       result = vk.vkCreateInstance(byref(create_info), None, byref(self.instance))
E       TypeError: byref() argument must be a ctypes instance, not '_cffi_backend.__CDataOwn'

tests/performance/benchmarks/test_vulkan.py:40: TypeError
_______ ERROR at teardown of TestVulkanBenchmarks.test_memory_operations _______

self = <test_vulkan.TestVulkanBenchmarks object at 0x705544129a60>

    def teardown_method(self):
        """Cleanup after each test method."""
>       self.memory.cleanup()
E       AttributeError: 'TestVulkanBenchmarks' object has no attribute 'memory'

tests/performance/benchmarks/test_vulkan.py:193: AttributeError
___________________ ERROR at setup of test_tensor_allocation ___________________

request = <SubRequest 'memory_manager' for <Function test_tensor_allocation>>

    @pytest.fixture
    def memory_manager(request):
        """Fixture to create and cleanup VulkanMemoryManager."""
        manager = None
        try:
            # Initialize Vulkan instance and device first
            import vulkan as vk
            app_info = vk.VkApplicationInfo(
                sType=vk.VK_STRUCTURE_TYPE_APPLICATION_INFO,
                pApplicationName="AAT Tests",
                applicationVersion=vk.VK_MAKE_VERSION(1, 0, 0),
                pEngineName="No Engine",
                engineVersion=vk.VK_MAKE_VERSION(1, 0, 0),
                apiVersion=vk.VK_API_VERSION_1_0
            )
    
            create_info = vk.VkInstanceCreateInfo(
                sType=vk.VK_STRUCTURE_TYPE_INSTANCE_CREATE_INFO,
                pApplicationInfo=app_info
            )
    
            instance = vk.vkCreateInstance(create_info, None)
            physical_devices = vk.vkEnumeratePhysicalDevices(instance)
            if not physical_devices:
                pytest.skip("No Vulkan devices found")
    
            physical_device = physical_devices[0]
    
            queue_create_info = vk.VkDeviceQueueCreateInfo(
                sType=vk.VK_STRUCTURE_TYPE_DEVICE_QUEUE_CREATE_INFO,
                queueFamilyIndex=0,
                queueCount=1,
                pQueuePriorities=[1.0]
            )
    
            device_create_info = vk.VkDeviceCreateInfo(
                sType=vk.VK_STRUCTURE_TYPE_DEVICE_CREATE_INFO,
                pQueueCreateInfos=[queue_create_info],
                queueCreateInfoCount=1
            )
    
            device = vk.vkCreateDevice(physical_device, device_create_info, None)
    
            # Convert device handles to c_void_p
>           device_handle = c_void_p(int(device))
E           TypeError: int() not supported on cdata 'struct VkDevice_T *'

tests/performance/vulkan/gpu/test_memory_management.py:73: TypeError
_____________________ ERROR at setup of test_data_transfer _____________________

request = <SubRequest 'memory_manager' for <Function test_data_transfer>>

    @pytest.fixture
    def memory_manager(request):
        """Fixture to create and cleanup VulkanMemoryManager."""
        manager = None
        try:
            # Initialize Vulkan instance and device first
            import vulkan as vk
            app_info = vk.VkApplicationInfo(
                sType=vk.VK_STRUCTURE_TYPE_APPLICATION_INFO,
                pApplicationName="AAT Tests",
                applicationVersion=vk.VK_MAKE_VERSION(1, 0, 0),
                pEngineName="No Engine",
                engineVersion=vk.VK_MAKE_VERSION(1, 0, 0),
                apiVersion=vk.VK_API_VERSION_1_0
            )
    
            create_info = vk.VkInstanceCreateInfo(
                sType=vk.VK_STRUCTURE_TYPE_INSTANCE_CREATE_INFO,
                pApplicationInfo=app_info
            )
    
            instance = vk.vkCreateInstance(create_info, None)
            physical_devices = vk.vkEnumeratePhysicalDevices(instance)
            if not physical_devices:
                pytest.skip("No Vulkan devices found")
    
            physical_device = physical_devices[0]
    
            queue_create_info = vk.VkDeviceQueueCreateInfo(
                sType=vk.VK_STRUCTURE_TYPE_DEVICE_QUEUE_CREATE_INFO,
                queueFamilyIndex=0,
                queueCount=1,
                pQueuePriorities=[1.0]
            )
    
            device_create_info = vk.VkDeviceCreateInfo(
                sType=vk.VK_STRUCTURE_TYPE_DEVICE_CREATE_INFO,
                pQueueCreateInfos=[queue_create_info],
                queueCreateInfoCount=1
            )
    
            device = vk.vkCreateDevice(physical_device, device_create_info, None)
    
            # Convert device handles to c_void_p
>           device_handle = c_void_p(int(device))
E           TypeError: int() not supported on cdata 'struct VkDevice_T *'

tests/performance/vulkan/gpu/test_memory_management.py:73: TypeError
____________________ ERROR at setup of test_memory_tracking ____________________

request = <SubRequest 'memory_manager' for <Function test_memory_tracking>>

    @pytest.fixture
    def memory_manager(request):
        """Fixture to create and cleanup VulkanMemoryManager."""
        manager = None
        try:
            # Initialize Vulkan instance and device first
            import vulkan as vk
            app_info = vk.VkApplicationInfo(
                sType=vk.VK_STRUCTURE_TYPE_APPLICATION_INFO,
                pApplicationName="AAT Tests",
                applicationVersion=vk.VK_MAKE_VERSION(1, 0, 0),
                pEngineName="No Engine",
                engineVersion=vk.VK_MAKE_VERSION(1, 0, 0),
                apiVersion=vk.VK_API_VERSION_1_0
            )
    
            create_info = vk.VkInstanceCreateInfo(
                sType=vk.VK_STRUCTURE_TYPE_INSTANCE_CREATE_INFO,
                pApplicationInfo=app_info
            )
    
            instance = vk.vkCreateInstance(create_info, None)
            physical_devices = vk.vkEnumeratePhysicalDevices(instance)
            if not physical_devices:
                pytest.skip("No Vulkan devices found")
    
            physical_device = physical_devices[0]
    
            queue_create_info = vk.VkDeviceQueueCreateInfo(
                sType=vk.VK_STRUCTURE_TYPE_DEVICE_QUEUE_CREATE_INFO,
                queueFamilyIndex=0,
                queueCount=1,
                pQueuePriorities=[1.0]
            )
    
            device_create_info = vk.VkDeviceCreateInfo(
                sType=vk.VK_STRUCTURE_TYPE_DEVICE_CREATE_INFO,
                pQueueCreateInfos=[queue_create_info],
                queueCreateInfoCount=1
            )
    
            device = vk.vkCreateDevice(physical_device, device_create_info, None)
    
            # Convert device handles to c_void_p
>           device_handle = c_void_p(int(device))
E           TypeError: int() not supported on cdata 'struct VkDevice_T *'

tests/performance/vulkan/gpu/test_memory_management.py:73: TypeError
____________________ ERROR at setup of test_error_handling _____________________

request = <SubRequest 'memory_manager' for <Function test_error_handling>>

    @pytest.fixture
    def memory_manager(request):
        """Fixture to create and cleanup VulkanMemoryManager."""
        manager = None
        try:
            # Initialize Vulkan instance and device first
            import vulkan as vk
            app_info = vk.VkApplicationInfo(
                sType=vk.VK_STRUCTURE_TYPE_APPLICATION_INFO,
                pApplicationName="AAT Tests",
                applicationVersion=vk.VK_MAKE_VERSION(1, 0, 0),
                pEngineName="No Engine",
                engineVersion=vk.VK_MAKE_VERSION(1, 0, 0),
                apiVersion=vk.VK_API_VERSION_1_0
            )
    
            create_info = vk.VkInstanceCreateInfo(
                sType=vk.VK_STRUCTURE_TYPE_INSTANCE_CREATE_INFO,
                pApplicationInfo=app_info
            )
    
            instance = vk.vkCreateInstance(create_info, None)
            physical_devices = vk.vkEnumeratePhysicalDevices(instance)
            if not physical_devices:
                pytest.skip("No Vulkan devices found")
    
            physical_device = physical_devices[0]
    
            queue_create_info = vk.VkDeviceQueueCreateInfo(
                sType=vk.VK_STRUCTURE_TYPE_DEVICE_QUEUE_CREATE_INFO,
                queueFamilyIndex=0,
                queueCount=1,
                pQueuePriorities=[1.0]
            )
    
            device_create_info = vk.VkDeviceCreateInfo(
                sType=vk.VK_STRUCTURE_TYPE_DEVICE_CREATE_INFO,
                pQueueCreateInfos=[queue_create_info],
                queueCreateInfoCount=1
            )
    
            device = vk.vkCreateDevice(physical_device, device_create_info, None)
    
            # Convert device handles to c_void_p
>           device_handle = c_void_p(int(device))
E           TypeError: int() not supported on cdata 'struct VkDevice_T *'

tests/performance/vulkan/gpu/test_memory_management.py:73: TypeError
__________________ ERROR at setup of test_buffer_pool_cleanup __________________

request = <SubRequest 'memory_manager' for <Function test_buffer_pool_cleanup>>

    @pytest.fixture
    def memory_manager(request):
        """Fixture to create and cleanup VulkanMemoryManager."""
        manager = None
        try:
            # Initialize Vulkan instance and device first
            import vulkan as vk
            app_info = vk.VkApplicationInfo(
                sType=vk.VK_STRUCTURE_TYPE_APPLICATION_INFO,
                pApplicationName="AAT Tests",
                applicationVersion=vk.VK_MAKE_VERSION(1, 0, 0),
                pEngineName="No Engine",
                engineVersion=vk.VK_MAKE_VERSION(1, 0, 0),
                apiVersion=vk.VK_API_VERSION_1_0
            )
    
            create_info = vk.VkInstanceCreateInfo(
                sType=vk.VK_STRUCTURE_TYPE_INSTANCE_CREATE_INFO,
                pApplicationInfo=app_info
            )
    
            instance = vk.vkCreateInstance(create_info, None)
            physical_devices = vk.vkEnumeratePhysicalDevices(instance)
            if not physical_devices:
                pytest.skip("No Vulkan devices found")
    
            physical_device = physical_devices[0]
    
            queue_create_info = vk.VkDeviceQueueCreateInfo(
                sType=vk.VK_STRUCTURE_TYPE_DEVICE_QUEUE_CREATE_INFO,
                queueFamilyIndex=0,
                queueCount=1,
                pQueuePriorities=[1.0]
            )
    
            device_create_info = vk.VkDeviceCreateInfo(
                sType=vk.VK_STRUCTURE_TYPE_DEVICE_CREATE_INFO,
                pQueueCreateInfos=[queue_create_info],
                queueCreateInfoCount=1
            )
    
            device = vk.vkCreateDevice(physical_device, device_create_info, None)
    
            # Convert device handles to c_void_p
>           device_handle = c_void_p(int(device))
E           TypeError: int() not supported on cdata 'struct VkDevice_T *'

tests/performance/vulkan/gpu/test_memory_management.py:73: TypeError
_______ ERROR at setup of test_shader_compilation[matrix_size0-pattern] ________

    @pytest.fixture
    def vulkan_compute():
        """Create a VulkanCompute instance for testing."""
        # Ensure all shaders are compiled
        for shader_path in SHADER_PATHS.values():
>           compile_shader(shader_path)

tests/performance/vulkan/test_compute.py:62: 
_ _ _ _ _ _ _ _ _ _ _ _ _ _ _ _ _ _ _ _ _ _ _ _ _ _ _ _ _ _ _ _ _ _ _ _ _ _ _ _ 

shader_path = 'src/core/backends/vulkan/shaders/pattern_compute.comp'

    def compile_shader(shader_path: str) -> str:
        """Compile GLSL shader to SPIR-V."""
        spv_path = shader_path + ".spv"
    
        # Only recompile if source is newer than SPIR-V
        if os.path.exists(spv_path):
            src_time = os.path.getmtime(shader_path)
            spv_time = os.path.getmtime(spv_path)
            if src_time <= spv_time:
                return spv_path
    
        result = subprocess.run(
            ["glslc", shader_path, "-o", spv_path],
            capture_output=True,
            text=True
        )
    
        if result.returncode != 0:
>           raise RuntimeError(f"Shader compilation failed: {result.stderr}")
E           RuntimeError: Shader compilation failed: glslc: error: cannot open input file: 'src/core/backends/vulkan/shaders/pattern_compute.comp': No such file or directory

tests/performance/vulkan/test_compute.py:53: RuntimeError
_________ ERROR at setup of test_shader_compilation[matrix_size0-flow] _________

    @pytest.fixture
    def vulkan_compute():
        """Create a VulkanCompute instance for testing."""
        # Ensure all shaders are compiled
        for shader_path in SHADER_PATHS.values():
>           compile_shader(shader_path)

tests/performance/vulkan/test_compute.py:62: 
_ _ _ _ _ _ _ _ _ _ _ _ _ _ _ _ _ _ _ _ _ _ _ _ _ _ _ _ _ _ _ _ _ _ _ _ _ _ _ _ 

shader_path = 'src/core/backends/vulkan/shaders/pattern_compute.comp'

    def compile_shader(shader_path: str) -> str:
        """Compile GLSL shader to SPIR-V."""
        spv_path = shader_path + ".spv"
    
        # Only recompile if source is newer than SPIR-V
        if os.path.exists(spv_path):
            src_time = os.path.getmtime(shader_path)
            spv_time = os.path.getmtime(spv_path)
            if src_time <= spv_time:
                return spv_path
    
        result = subprocess.run(
            ["glslc", shader_path, "-o", spv_path],
            capture_output=True,
            text=True
        )
    
        if result.returncode != 0:
>           raise RuntimeError(f"Shader compilation failed: {result.stderr}")
E           RuntimeError: Shader compilation failed: glslc: error: cannot open input file: 'src/core/backends/vulkan/shaders/pattern_compute.comp': No such file or directory

tests/performance/vulkan/test_compute.py:53: RuntimeError
______ ERROR at setup of test_shader_compilation[matrix_size0-attention] _______

    @pytest.fixture
    def vulkan_compute():
        """Create a VulkanCompute instance for testing."""
        # Ensure all shaders are compiled
        for shader_path in SHADER_PATHS.values():
>           compile_shader(shader_path)

tests/performance/vulkan/test_compute.py:62: 
_ _ _ _ _ _ _ _ _ _ _ _ _ _ _ _ _ _ _ _ _ _ _ _ _ _ _ _ _ _ _ _ _ _ _ _ _ _ _ _ 

shader_path = 'src/core/backends/vulkan/shaders/pattern_compute.comp'

    def compile_shader(shader_path: str) -> str:
        """Compile GLSL shader to SPIR-V."""
        spv_path = shader_path + ".spv"
    
        # Only recompile if source is newer than SPIR-V
        if os.path.exists(spv_path):
            src_time = os.path.getmtime(shader_path)
            spv_time = os.path.getmtime(spv_path)
            if src_time <= spv_time:
                return spv_path
    
        result = subprocess.run(
            ["glslc", shader_path, "-o", spv_path],
            capture_output=True,
            text=True
        )
    
        if result.returncode != 0:
>           raise RuntimeError(f"Shader compilation failed: {result.stderr}")
E           RuntimeError: Shader compilation failed: glslc: error: cannot open input file: 'src/core/backends/vulkan/shaders/pattern_compute.comp': No such file or directory

tests/performance/vulkan/test_compute.py:53: RuntimeError
_______ ERROR at setup of test_shader_compilation[matrix_size1-pattern] ________

    @pytest.fixture
    def vulkan_compute():
        """Create a VulkanCompute instance for testing."""
        # Ensure all shaders are compiled
        for shader_path in SHADER_PATHS.values():
>           compile_shader(shader_path)

tests/performance/vulkan/test_compute.py:62: 
_ _ _ _ _ _ _ _ _ _ _ _ _ _ _ _ _ _ _ _ _ _ _ _ _ _ _ _ _ _ _ _ _ _ _ _ _ _ _ _ 

shader_path = 'src/core/backends/vulkan/shaders/pattern_compute.comp'

    def compile_shader(shader_path: str) -> str:
        """Compile GLSL shader to SPIR-V."""
        spv_path = shader_path + ".spv"
    
        # Only recompile if source is newer than SPIR-V
        if os.path.exists(spv_path):
            src_time = os.path.getmtime(shader_path)
            spv_time = os.path.getmtime(spv_path)
            if src_time <= spv_time:
                return spv_path
    
        result = subprocess.run(
            ["glslc", shader_path, "-o", spv_path],
            capture_output=True,
            text=True
        )
    
        if result.returncode != 0:
>           raise RuntimeError(f"Shader compilation failed: {result.stderr}")
E           RuntimeError: Shader compilation failed: glslc: error: cannot open input file: 'src/core/backends/vulkan/shaders/pattern_compute.comp': No such file or directory

tests/performance/vulkan/test_compute.py:53: RuntimeError
_________ ERROR at setup of test_shader_compilation[matrix_size1-flow] _________

    @pytest.fixture
    def vulkan_compute():
        """Create a VulkanCompute instance for testing."""
        # Ensure all shaders are compiled
        for shader_path in SHADER_PATHS.values():
>           compile_shader(shader_path)

tests/performance/vulkan/test_compute.py:62: 
_ _ _ _ _ _ _ _ _ _ _ _ _ _ _ _ _ _ _ _ _ _ _ _ _ _ _ _ _ _ _ _ _ _ _ _ _ _ _ _ 

shader_path = 'src/core/backends/vulkan/shaders/pattern_compute.comp'

    def compile_shader(shader_path: str) -> str:
        """Compile GLSL shader to SPIR-V."""
        spv_path = shader_path + ".spv"
    
        # Only recompile if source is newer than SPIR-V
        if os.path.exists(spv_path):
            src_time = os.path.getmtime(shader_path)
            spv_time = os.path.getmtime(spv_path)
            if src_time <= spv_time:
                return spv_path
    
        result = subprocess.run(
            ["glslc", shader_path, "-o", spv_path],
            capture_output=True,
            text=True
        )
    
        if result.returncode != 0:
>           raise RuntimeError(f"Shader compilation failed: {result.stderr}")
E           RuntimeError: Shader compilation failed: glslc: error: cannot open input file: 'src/core/backends/vulkan/shaders/pattern_compute.comp': No such file or directory

tests/performance/vulkan/test_compute.py:53: RuntimeError
______ ERROR at setup of test_shader_compilation[matrix_size1-attention] _______

    @pytest.fixture
    def vulkan_compute():
        """Create a VulkanCompute instance for testing."""
        # Ensure all shaders are compiled
        for shader_path in SHADER_PATHS.values():
>           compile_shader(shader_path)

tests/performance/vulkan/test_compute.py:62: 
_ _ _ _ _ _ _ _ _ _ _ _ _ _ _ _ _ _ _ _ _ _ _ _ _ _ _ _ _ _ _ _ _ _ _ _ _ _ _ _ 

shader_path = 'src/core/backends/vulkan/shaders/pattern_compute.comp'

    def compile_shader(shader_path: str) -> str:
        """Compile GLSL shader to SPIR-V."""
        spv_path = shader_path + ".spv"
    
        # Only recompile if source is newer than SPIR-V
        if os.path.exists(spv_path):
            src_time = os.path.getmtime(shader_path)
            spv_time = os.path.getmtime(spv_path)
            if src_time <= spv_time:
                return spv_path
    
        result = subprocess.run(
            ["glslc", shader_path, "-o", spv_path],
            capture_output=True,
            text=True
        )
    
        if result.returncode != 0:
>           raise RuntimeError(f"Shader compilation failed: {result.stderr}")
E           RuntimeError: Shader compilation failed: glslc: error: cannot open input file: 'src/core/backends/vulkan/shaders/pattern_compute.comp': No such file or directory

tests/performance/vulkan/test_compute.py:53: RuntimeError
_______ ERROR at setup of test_shader_compilation[matrix_size2-pattern] ________

    @pytest.fixture
    def vulkan_compute():
        """Create a VulkanCompute instance for testing."""
        # Ensure all shaders are compiled
        for shader_path in SHADER_PATHS.values():
>           compile_shader(shader_path)

tests/performance/vulkan/test_compute.py:62: 
_ _ _ _ _ _ _ _ _ _ _ _ _ _ _ _ _ _ _ _ _ _ _ _ _ _ _ _ _ _ _ _ _ _ _ _ _ _ _ _ 

shader_path = 'src/core/backends/vulkan/shaders/pattern_compute.comp'

    def compile_shader(shader_path: str) -> str:
        """Compile GLSL shader to SPIR-V."""
        spv_path = shader_path + ".spv"
    
        # Only recompile if source is newer than SPIR-V
        if os.path.exists(spv_path):
            src_time = os.path.getmtime(shader_path)
            spv_time = os.path.getmtime(spv_path)
            if src_time <= spv_time:
                return spv_path
    
        result = subprocess.run(
            ["glslc", shader_path, "-o", spv_path],
            capture_output=True,
            text=True
        )
    
        if result.returncode != 0:
>           raise RuntimeError(f"Shader compilation failed: {result.stderr}")
E           RuntimeError: Shader compilation failed: glslc: error: cannot open input file: 'src/core/backends/vulkan/shaders/pattern_compute.comp': No such file or directory

tests/performance/vulkan/test_compute.py:53: RuntimeError
_________ ERROR at setup of test_shader_compilation[matrix_size2-flow] _________

    @pytest.fixture
    def vulkan_compute():
        """Create a VulkanCompute instance for testing."""
        # Ensure all shaders are compiled
        for shader_path in SHADER_PATHS.values():
>           compile_shader(shader_path)

tests/performance/vulkan/test_compute.py:62: 
_ _ _ _ _ _ _ _ _ _ _ _ _ _ _ _ _ _ _ _ _ _ _ _ _ _ _ _ _ _ _ _ _ _ _ _ _ _ _ _ 

shader_path = 'src/core/backends/vulkan/shaders/pattern_compute.comp'

    def compile_shader(shader_path: str) -> str:
        """Compile GLSL shader to SPIR-V."""
        spv_path = shader_path + ".spv"
    
        # Only recompile if source is newer than SPIR-V
        if os.path.exists(spv_path):
            src_time = os.path.getmtime(shader_path)
            spv_time = os.path.getmtime(spv_path)
            if src_time <= spv_time:
                return spv_path
    
        result = subprocess.run(
            ["glslc", shader_path, "-o", spv_path],
            capture_output=True,
            text=True
        )
    
        if result.returncode != 0:
>           raise RuntimeError(f"Shader compilation failed: {result.stderr}")
E           RuntimeError: Shader compilation failed: glslc: error: cannot open input file: 'src/core/backends/vulkan/shaders/pattern_compute.comp': No such file or directory

tests/performance/vulkan/test_compute.py:53: RuntimeError
______ ERROR at setup of test_shader_compilation[matrix_size2-attention] _______

    @pytest.fixture
    def vulkan_compute():
        """Create a VulkanCompute instance for testing."""
        # Ensure all shaders are compiled
        for shader_path in SHADER_PATHS.values():
>           compile_shader(shader_path)

tests/performance/vulkan/test_compute.py:62: 
_ _ _ _ _ _ _ _ _ _ _ _ _ _ _ _ _ _ _ _ _ _ _ _ _ _ _ _ _ _ _ _ _ _ _ _ _ _ _ _ 

shader_path = 'src/core/backends/vulkan/shaders/pattern_compute.comp'

    def compile_shader(shader_path: str) -> str:
        """Compile GLSL shader to SPIR-V."""
        spv_path = shader_path + ".spv"
    
        # Only recompile if source is newer than SPIR-V
        if os.path.exists(spv_path):
            src_time = os.path.getmtime(shader_path)
            spv_time = os.path.getmtime(spv_path)
            if src_time <= spv_time:
                return spv_path
    
        result = subprocess.run(
            ["glslc", shader_path, "-o", spv_path],
            capture_output=True,
            text=True
        )
    
        if result.returncode != 0:
[...]
FAILED tests/performance/cpu/test_algorithms.py::test_branch_prediction[matrix_size0-1]
FAILED tests/performance/cpu/test_algorithms.py::test_branch_prediction[matrix_size0-16]
FAILED tests/performance/cpu/test_algorithms.py::test_branch_prediction[matrix_size1-1]
FAILED tests/performance/cpu/test_algorithms.py::test_branch_prediction[matrix_size1-16]
FAILED tests/performance/cpu/test_algorithms.py::test_loop_optimization[O0]
FAILED tests/performance/cpu/test_algorithms.py::test_loop_optimization[O1]
FAILED tests/performance/cpu/test_algorithms.py::test_loop_optimization[O2]
FAILED tests/performance/cpu/test_algorithms.py::test_loop_optimization[O3]
FAILED tests/performance/cpu/test_algorithms.py::test_numerical_stability[matrix_size0]
FAILED tests/performance/cpu/test_algorithms.py::test_numerical_stability[matrix_size1]
FAILED tests/performance/cpu/test_algorithms.py::test_optimization_overhead
FAILED tests/performance/cpu/test_memory.py::test_memory_pool_efficiency[32-1024]
FAILED tests/performance/cpu/test_memory.py::test_memory_pool_efficiency[32-4096]
FAILED tests/performance/cpu/test_memory.py::test_memory_pool_efficiency[128-1024]
FAILED tests/performance/cpu/test_memory.py::test_memory_pool_efficiency[128-4096]
FAILED tests/performance/cpu/test_memory.py::test_resource_cleanup - IndexErr...
FAILED tests/test_core/test_crystal/test_scale.py::TestScaleCohomology::test_scale_connection
FAILED tests/test_core/test_crystal/test_scale.py::TestScaleCohomology::test_renormalization_flow
FAILED tests/test_core/test_crystal/test_scale.py::TestScaleCohomology::test_fixed_points
FAILED tests/test_core/test_crystal/test_scale.py::TestScaleCohomology::test_anomaly_polynomial
FAILED tests/test_core/test_crystal/test_scale.py::TestScaleCohomology::test_scale_invariants
FAILED tests/test_core/test_crystal/test_scale.py::TestScaleCohomology::test_callan_symanzik
FAILED tests/test_core/test_crystal/test_scale.py::TestScaleCohomology::test_operator_expansion
FAILED tests/test_core/test_crystal/test_scale.py::TestScaleCohomology::test_conformal_symmetry
FAILED tests/test_core/test_crystal/test_scale.py::TestScaleCohomology::test_holographic_scaling
FAILED tests/test_core/test_crystal/test_scale.py::TestScaleCohomology::test_entanglement_scaling
FAILED tests/test_core/test_patterns/test_fiber_bundle.py::TestConnectionFormHypothesis::test_linearity_property
FAILED tests/test_core/test_patterns/test_fiber_bundle.py::TestConnectionFormHypothesis::test_levi_civita_symmetry_property
FAILED tests/test_core/test_patterns/test_fiber_bundle.py::TestGeometricComponents::test_metric_derivatives
FAILED tests/test_core/test_patterns/test_riemannian.py::test_christoffel_properties
FAILED tests/test_core/test_patterns/test_riemannian.py::test_parallel_transport
FAILED tests/test_core/test_patterns/test_riemannian.py::test_curvature_identities
FAILED tests/test_core/test_patterns/test_riemannian.py::test_geodesic_equation
FAILED tests/test_core/test_patterns/test_riemannian.py::test_sectional_curvature
FAILED tests/test_core/test_patterns/test_riemannian.py::test_lie_derivative
FAILED tests/test_core/test_quantum/test_state_space.py::TestHilbertSpace::test_state_tomography
FAILED tests/test_core/test_quantum/test_state_space.py::TestHilbertSpace::test_geometric_phase
FAILED tests/test_infrastructure/test_infrastructure.py::TestInfrastructure::test_vulkan_integration
FAILED tests/test_infrastructure/test_infrastructure.py::TestInfrastructure::test_resource_allocation
FAILED tests/test_infrastructure/test_infrastructure.py::TestInfrastructure::test_infrastructure_integration
FAILED tests/test_integration/test_cross_validation.py::TestCrossValidation::test_pattern_quantum_interaction
FAILED tests/test_integration/test_cross_validation.py::TestCrossValidation::test_geometric_pattern_coupling
FAILED tests/test_integration/test_cross_validation.py::TestCrossValidation::test_infrastructure_framework
FAILED tests/test_integration/test_cross_validation.py::TestCrossValidation::test_end_to_end_validation
FAILED tests/test_integration/test_cross_validation.py::TestCrossValidation::test_validation_stability
FAILED tests/test_neural/test_attention/test_exponential.py::test_exponential_map
FAILED tests/test_neural/test_attention/test_logarithm.py::test_logarithm_map
FAILED tests/test_neural/test_attention/test_logarithm.py::test_logarithm_map_properties
FAILED tests/test_neural/test_attention/test_logarithm.py::test_exp_log_inverse
FAILED tests/test_neural/test_attention/test_minkowski.py::test_advanced_minkowski_properties
FAILED tests/test_neural/test_attention/test_pattern/test_bifurcation.py::test_bifurcation_analysis
FAILED tests/test_neural/test_attention/test_pattern/test_bifurcation.py::test_bifurcation_detection_threshold
FAILED tests/test_neural/test_attention/test_pattern/test_bifurcation.py::test_solution_branches
FAILED tests/test_neural/test_attention/test_pattern/test_control.py::test_pattern_control
FAILED tests/test_neural/test_attention/test_pattern/test_control.py::test_spatiotemporal_evolution
FAILED tests/test_neural/test_attention/test_pattern/test_diffusion_properties.py::test_convergence_to_steady_state
FAILED tests/test_neural/test_attention/test_pattern/test_quantum.py::TestQuantumPatterns::test_quantum_evolution
FAILED tests/test_neural/test_attention/test_pattern/test_quantum.py::TestQuantumPatterns::test_quantum_potential
FAILED tests/test_neural/test_attention/test_pattern/test_reaction_diffusion.py::test_reaction_diffusion
FAILED tests/test_neural/test_attention/test_pattern/test_stability.py::test_stability_analysis
FAILED tests/test_neural/test_attention/test_pattern_dynamics.py::TestPatternDynamics::test_stability_analysis_basic
FAILED tests/test_neural/test_attention/test_pattern_dynamics.py::TestPatternDynamics::test_stability_analysis_advanced
FAILED tests/test_neural/test_attention/test_pattern_dynamics.py::TestPatternDynamics::test_pattern_formation
FAILED tests/test_neural/test_attention/test_pattern_dynamics.py::TestPatternDynamics::test_forward_pass
FAILED tests/test_neural/test_attention/test_quantum_geometric_attention.py::TestQuantumGeometricAttention::test_attention_state_preparation
FAILED tests/test_neural/test_attention/test_quantum_geometric_attention.py::TestQuantumGeometricAttention::test_attention_pattern_computation
FAILED tests/test_neural/test_attention/test_quantum_geometric_attention.py::TestQuantumGeometricAttention::test_geometric_attention_flow
FAILED tests/test_neural/test_attention/test_quantum_geometric_attention.py::TestQuantumGeometricAttention::test_quantum_classical_interface
FAILED tests/test_neural/test_attention/test_quantum_geometric_attention.py::TestQuantumGeometricAttention::test_multi_head_integration
FAILED tests/test_neural/test_attention/test_quantum_geometric_attention.py::TestQuantumGeometricAttention::test_geometric_phases
FAILED tests/test_neural/test_attention/test_quantum_geometric_attention.py::TestQuantumGeometricAttention::test_manifold_curvature
FAILED tests/test_neural/test_attention/test_quantum_geometric_attention.py::TestQuantumGeometricAttention::test_attention_entanglement
FAILED tests/test_neural/test_attention/test_quantum_geometric_attention.py::TestQuantumGeometricAttention::test_error_correction
FAILED tests/test_neural/test_attention/test_quantum_geometric_attention.py::TestQuantumGeometricAttention::test_topological_features
FAILED tests/test_neural/test_attention/test_quantum_geometric_attention.py::TestQuantumGeometricAttention::test_attention_patterns
FAILED tests/test_neural/test_attention/test_quantum_geometric_attention.py::TestQuantumGeometricAttention::test_geometric_structures
FAILED tests/test_neural/test_attention/test_quantum_geometric_attention.py::TestQuantumGeometricAttention::test_pattern_dynamics
FAILED tests/test_neural/test_flow/test_geometric_flow.py::TestGeometricFlow::test_geometric_invariants
FAILED tests/test_neural/test_flow/test_geometric_flow.py::TestGeometricFlow::test_flow_convergence
FAILED tests/test_neural/test_flow/test_hamiltonian.py::TestHamiltonianSystem::test_hamiltonian_computation
FAILED tests/test_neural/test_flow/test_hamiltonian.py::TestHamiltonianSystem::test_evolution
FAILED tests/test_neural/test_flow/test_hamiltonian.py::TestHamiltonianSystem::test_canonical_transformations
FAILED tests/test_neural/test_flow/test_hamiltonian.py::TestHamiltonianSystem::test_symplectic_integration
FAILED tests/test_neural/test_flow/test_tensor_shapes.py::TestTensorShapes::test_validation_shapes
FAILED tests/test_neural/test_flow/test_tensor_shapes.py::TestTensorShapes::test_convergence_shapes
FAILED tests/test_utils/test_helpers.py::test_tensor_assertions - AssertionEr...
FAILED tests/test_utils/test_helpers.py::test_numerical_stability - TypeError...
FAILED tests/test_utils/test_helpers.py::test_performance_benchmark - Attribu...
FAILED tests/test_validation/test_debug_flow.py::TestStabilityValidation::test_validate_stability_return_type[is_valid]
FAILED tests/test_validation/test_debug_flow.py::TestStabilityValidation::test_validate_stability_return_type[message]
FAILED tests/test_validation/test_debug_flow.py::TestStabilityValidation::test_validate_stability_return_type[data]
FAILED tests/test_validation/test_debug_flow.py::TestStabilityValidation::test_stability_spectrum_computation
FAILED tests/test_validation/test_debug_flow.py::TestEnergyValidation::test_energy_computation[check0]
FAILED tests/test_validation/test_debug_flow.py::TestEnergyValidation::test_energy_computation[check1]
FAILED tests/test_validation/test_debug_flow.py::TestEnergyValidation::test_energy_computation[check2]
FAILED tests/test_validation/test_debug_flow.py::TestEnergyValidation::test_energy_conservation_validation
FAILED tests/test_validation/test_debug_flow.py::TestFlowProperties::test_flow_properties_construction
FAILED tests/test_validation/test_debug_flow.py::TestFlowProperties::test_flow_properties_with_energy
FAILED tests/test_validation/test_flow_validation.py::TestFlowValidation::test_energy_conservation
FAILED tests/test_validation/test_flow_validation.py::TestFlowValidation::test_flow_monotonicity
FAILED tests/test_validation/test_flow_validation.py::TestFlowValidation::test_long_time_existence
FAILED tests/test_validation/test_flow_validation.py::TestFlowValidation::test_singularity_detection
FAILED tests/test_validation/test_flow_validation.py::TestFlowValidation::test_validation_integration
FAILED tests/test_validation/test_framework.py::TestValidationFramework::test_geometric_validation
FAILED tests/test_validation/test_framework.py::TestValidationFramework::test_quantum_validation
FAILED tests/test_validation/test_framework.py::TestValidationFramework::test_pattern_validation
FAILED tests/test_validation/test_framework.py::TestValidationFramework::test_integrated_validation
FAILED tests/test_validation/test_framework.py::TestValidationFramework::test_error_handling
FAILED tests/test_validation/test_framework.py::TestValidationFramework::test_validation_metrics
FAILED tests/test_validation/test_framework.py::TestValidationFramework::test_full_integration
FAILED tests/test_validation/test_framework.py::TestValidationFramework::test_validate_all
FAILED tests/test_validation/test_metric_validation.py::TestMetricValidation::test_fisher_rao_metric
FAILED tests/test_validation/test_metric_validation.py::TestMetricValidation::test_curvature_validation
FAILED tests/test_validation/test_metric_validation.py::TestMetricValidation::test_metric_properties
FAILED tests/test_validation/test_model_geometric.py::TestModelGeometricValidator::test_validate_layer_geometry
FAILED tests/test_validation/test_model_geometric.py::TestModelGeometricValidator::test_validate_attention_geometry
FAILED tests/test_validation/test_model_geometric.py::TestModelGeometricValidator::test_geometric_preservation
FAILED tests/test_validation/test_pattern_flow.py::test_pattern_flow_stability
FAILED tests/test_validation/test_pattern_flow.py::test_pattern_flow_energy
FAILED tests/test_validation/test_pattern_formation.py::TestPatternFormation::test_pattern_emergence
FAILED tests/test_validation/test_pattern_formation.py::TestPatternFormation::test_spatial_organization
FAILED tests/test_validation/test_pattern_formation.py::TestPatternFormation::test_validation_integration
FAILED tests/test_validation/test_pattern_formation.py::TestPatternFormation::test_reaction_diffusion
FAILED tests/test_validation/test_pattern_formation.py::TestPatternFormation::test_symmetry_breaking
FAILED tests/test_validation/test_pattern_formation.py::TestPatternFormation::test_pattern_stability
FAILED tests/test_validation/test_pattern_stability.py::TestPatternStability::test_linear_stability
FAILED tests/test_validation/test_pattern_stability.py::TestPatternStability::test_nonlinear_stability
FAILED tests/test_validation/test_pattern_stability.py::TestPatternStability::test_perturbation_response
FAILED tests/test_validation/test_pattern_stability.py::TestPatternStability::test_lyapunov_analysis
FAILED tests/test_validation/test_pattern_stability.py::TestPatternStability::test_mode_stability
FAILED tests/test_validation/test_pattern_stability.py::TestPatternStability::test_stability_metrics
FAILED tests/test_validation/test_pattern_stability.py::TestPatternStability::test_validation_integration
FAILED tests/test_validation/test_pattern_stability.py::TestPatternStability::test_dynamical_system
FAILED tests/test_validation/test_pattern_stability.py::TestPatternStability::test_bifurcation_theory
FAILED tests/test_validation/test_pattern_stability.py::TestPatternStability::test_stability_analysis
FAILED tests/test_validation/test_state_validation.py::TestStateValidation::test_state_preparation
FAILED tests/test_validation/test_state_validation.py::TestStateValidation::test_density_matrix_properties
FAILED tests/test_validation/test_state_validation.py::TestStateValidation::test_state_tomography
FAILED tests/test_validation/test_state_validation.py::TestStateValidation::test_validation_integration
ERROR tests/performance/benchmarks/test_vulkan.py::TestVulkanBenchmarks::test_pool_efficiency
ERROR tests/performance/benchmarks/test_vulkan.py::TestVulkanBenchmarks::test_pool_efficiency
ERROR tests/performance/benchmarks/test_vulkan.py::TestVulkanBenchmarks::test_memory_operations
ERROR tests/performance/benchmarks/test_vulkan.py::TestVulkanBenchmarks::test_memory_operations
ERROR tests/performance/vulkan/gpu/test_memory_management.py::test_tensor_allocation
ERROR tests/performance/vulkan/gpu/test_memory_management.py::test_data_transfer
ERROR tests/performance/vulkan/gpu/test_memory_management.py::test_memory_tracking
ERROR tests/performance/vulkan/gpu/test_memory_management.py::test_error_handling
ERROR tests/performance/vulkan/gpu/test_memory_management.py::test_buffer_pool_cleanup
ERROR tests/performance/vulkan/test_compute.py::test_shader_compilation[matrix_size0-pattern]
ERROR tests/performance/vulkan/test_compute.py::test_shader_compilation[matrix_size0-flow]
ERROR tests/performance/vulkan/test_compute.py::test_shader_compilation[matrix_size0-attention]
ERROR tests/performance/vulkan/test_compute.py::test_shader_compilation[matrix_size1-pattern]
ERROR tests/performance/vulkan/test_compute.py::test_shader_compilation[matrix_size1-flow]
ERROR tests/performance/vulkan/test_compute.py::test_shader_compilation[matrix_size1-attention]
ERROR tests/performance/vulkan/test_compute.py::test_shader_compilation[matrix_size2-pattern]
ERROR tests/performance/vulkan/test_compute.py::test_shader_compilation[matrix_size2-flow]
ERROR tests/performance/vulkan/test_compute.py::test_shader_compilation[matrix_size2-attention]
ERROR tests/performance/vulkan/test_compute.py::test_workgroup_optimization[matrix_size0-workgroup_size0]
ERROR tests/performance/vulkan/test_compute.py::test_workgroup_optimization[matrix_size0-workgroup_size1]
ERROR tests/performance/vulkan/test_compute.py::test_workgroup_optimization[matrix_size0-workgroup_size2]
ERROR tests/performance/vulkan/test_compute.py::test_workgroup_optimization[matrix_size1-workgroup_size0]
ERROR tests/performance/vulkan/test_compute.py::test_workgroup_optimization[matrix_size1-workgroup_size1]
ERROR tests/performance/vulkan/test_compute.py::test_workgroup_optimization[matrix_size1-workgroup_size2]
ERROR tests/performance/vulkan/test_compute.py::test_workgroup_optimization[matrix_size2-workgroup_size0]
ERROR tests/performance/vulkan/test_compute.py::test_workgroup_optimization[matrix_size2-workgroup_size1]
ERROR tests/performance/vulkan/test_compute.py::test_workgroup_optimization[matrix_size2-workgroup_size2]
ERROR tests/performance/vulkan/test_compute.py::test_memory_transfer[matrix_size0-1]
ERROR tests/performance/vulkan/test_compute.py::test_memory_transfer[matrix_size0-8]
ERROR tests/performance/vulkan/test_compute.py::test_memory_transfer[matrix_size0-32]
ERROR tests/performance/vulkan/test_compute.py::test_memory_transfer[matrix_size1-1]
ERROR tests/performance/vulkan/test_compute.py::test_memory_transfer[matrix_size1-8]
ERROR tests/performance/vulkan/test_compute.py::test_memory_transfer[matrix_size1-32]
ERROR tests/performance/vulkan/test_compute.py::test_memory_transfer[matrix_size2-1]
ERROR tests/performance/vulkan/test_compute.py::test_memory_transfer[matrix_size2-8]
ERROR tests/performance/vulkan/test_compute.py::test_memory_transfer[matrix_size2-32]
ERROR tests/performance/vulkan/test_compute.py::test_resource_management[pattern]
ERROR tests/performance/vulkan/test_compute.py::test_resource_management[flow]
ERROR tests/performance/vulkan/test_compute.py::test_resource_management[attention]
ERROR tests/performance/vulkan/test_compute.py::test_descriptor_set_optimization
ERROR tests/performance/vulkan/test_shaders.py::TestVulkanShaders::test_pattern_evolution_performance
ERROR tests/performance/vulkan/test_shaders.py::TestVulkanShaders::test_flow_computation_performance
ERROR tests/performance/vulkan/test_shaders.py::TestVulkanShaders::test_workgroup_impact
ERROR tests/performance/vulkan/test_shaders.py::TestVulkanShaders::test_push_constant_performance
ERROR tests/performance/vulkan/test_shaders.py::TestVulkanShaders::test_batch_processing_efficiency
ERROR tests/performance/vulkan/test_sync.py::TestVulkanSync::test_fence_performance
ERROR tests/performance/vulkan/test_sync.py::TestVulkanSync::test_fence_performance
ERROR tests/performance/vulkan/test_sync.py::TestVulkanSync::test_semaphore_performance
ERROR tests/performance/vulkan/test_sync.py::TestVulkanSync::test_semaphore_performance
ERROR tests/performance/vulkan/test_sync.py::TestVulkanSync::test_event_performance
ERROR tests/performance/vulkan/test_sync.py::TestVulkanSync::test_event_performance
ERROR tests/performance/vulkan/test_sync.py::TestVulkanSync::test_barrier_overhead
ERROR tests/performance/vulkan/test_sync.py::TestVulkanSync::test_barrier_overhead
ERROR tests/performance/vulkan/test_sync.py::TestVulkanSync::test_queue_sync
ERROR tests/performance/vulkan/test_sync.py::TestVulkanSync::test_queue_sync
ERROR tests/test_core/test_patterns/test_fiber_bundle.py::TestPatternFiberBundle::test_connection_vertical_preservation
ERROR tests/test_core/test_patterns/test_fiber_bundle.py::TestPatternFiberBundle::test_connection_horizontal_projection
ERROR tests/test_core/test_patterns/test_fiber_bundle.py::TestPatternFiberBundle::test_connection_levi_civita_compatibility
ERROR tests/test_neural/test_attention/test_pattern/test_bifurcation.py::test_stability_computation
ERROR tests/test_neural/test_attention/test_pattern/test_bifurcation.py::test_state_evolution
ERROR tests/test_neural/test_attention/test_pattern/test_bifurcation.py::test_bifurcation_detection_components
ERROR tests/test_neural/test_attention/test_pattern/test_bifurcation.py::test_convergence_at_bifurcation
===== 159 failed, 218 passed, 29 warnings, 62 errors in 200.13s (0:03:20) ======
